[+] Containers:
 |- [+] Container: /Game/DarkGame
 |   |- [+] ActorDescs:
 |   |   |- Guid:0318D7354E806D49C5AF38AF0EFF1862 BaseClass: NativeClass:/Script/Landscape.LandscapeStreamingProxy Name:LandscapeStreamingProxy_3JP63SFGOD2C17HN6L68FDOTA_126_1_2_0 Label:LandscapeStreamingProxy_1_2_0 SpatiallyLoaded:1 Bounds:IsValid=true, Min=(X=-2444.000 Y=610.000 Z=620.000), Max=(X=580.000 Y=3634.000 Z=820.000) RuntimeGrid:None EditorOnly:0 RuntimeOnly:0 HLODRelevant:1 ListedInSceneOutliner:1 IsMainWorldOnly:0
 |   |   |- Guid:07C673684D02A857B82D9C8F524AFD0F BaseClass: NativeClass:/Script/Landscape.LandscapeStreamingProxy Name:LandscapeStreamingProxy_BYYFHB1OSGPUGXG5TCNSP6B3X_126_1_2_0 Label:LandscapeStreamingProxy_1_2_0 SpatiallyLoaded:1 Bounds:IsValid=true, Min=(X=-12600.000 Y=0.000 Z=117.188), Max=(X=0.000 Y=12600.000 Z=1839.844) RuntimeGrid:None EditorOnly:0 RuntimeOnly:0 HLODRelevant:1 ListedInSceneOutliner:1 IsMainWorldOnly:0
 |   |   |- Guid:1699318E4EC93B317E7C508267A58BA8 BaseClass: NativeClass:/Script/Landscape.LandscapeStreamingProxy Name:LandscapeStreamingProxy_3JP63SFGOD2C17HN6L68FDOTA_126_0_3_0 Label:LandscapeStreamingProxy_0_3_0 SpatiallyLoaded:1 Bounds:IsValid=true, Min=(X=-5468.000 Y=3634.000 Z=620.000), Max=(X=-2444.000 Y=6658.000 Z=820.000) RuntimeGrid:None EditorOnly:0 RuntimeOnly:0 HLODRelevant:1 ListedInSceneOutliner:1 IsMainWorldOnly:0
 |   |   |- Guid:1714817E4C4704C54483349AD319B5DC BaseClass: NativeClass:/Script/Water.WaterZone Name:WaterZone_UAID_D8BBC114330A5F7102_1489600544 Label:WaterZone SpatiallyLoaded:0 Bounds:IsValid=true, Min=(X=-25200.000 Y=-25200.000 Z=-25200.000), Max=(X=25200.000 Y=25200.000 Z=25200.000) RuntimeGrid:None EditorOnly:0 RuntimeOnly:0 HLODRelevant:0 ListedInSceneOutliner:1 IsMainWorldOnly:0
 |   |   |- Guid:18B8C04B4739E50ACB10CDA99EF9EDBA BaseClass: NativeClass:/Script/Landscape.LandscapeStreamingProxy Name:LandscapeStreamingProxy_BYYFHB1OSGPUGXG5TCNSP6B3X_126_3_0_0 Label:LandscapeStreamingProxy_3_0_0 SpatiallyLoaded:1 Bounds:IsValid=true, Min=(X=12600.000 Y=-25200.000 Z=100.000), Max=(X=25200.000 Y=-12600.000 Z=1979.688) RuntimeGrid:None EditorOnly:0 RuntimeOnly:0 HLODRelevant:1 ListedInSceneOutliner:1 IsMainWorldOnly:0
 |   |   |- Guid:1E1A72414970F24964BD63822C26DEFA BaseClass: NativeClass:/Script/Engine.DirectionalLight Name:DirectionalLight_0 Label:DirectionalLight SpatiallyLoaded:0 Bounds:Invalid RuntimeGrid:None EditorOnly:0 RuntimeOnly:0 HLODRelevant:0 ListedInSceneOutliner:1 IsMainWorldOnly:0 FolderPath:Lighting FolderGuid:963EC3EB4002CCE9759E2EBA541A873A
 |   |   |- Guid:2D7E13A544D5D3B5F5DEA4B8E4B9A625 BaseClass: NativeClass:/Script/Landscape.LandscapeStreamingProxy Name:LandscapeStreamingProxy_3JP63SFGOD2C17HN6L68FDOTA_126_0_2_0 Label:LandscapeStreamingProxy_0_2_0 SpatiallyLoaded:1 Bounds:IsValid=true, Min=(X=-5468.000 Y=610.000 Z=620.000), Max=(X=-2444.000 Y=3634.000 Z=820.000) RuntimeGrid:None EditorOnly:0 RuntimeOnly:0 HLODRelevant:1 ListedInSceneOutliner:1 IsMainWorldOnly:0
 |   |   |- Guid:30D603BA4C48A1BA2C15C1958304B5F9 BaseClass: NativeClass:/Script/Landscape.LandscapeStreamingProxy Name:LandscapeStreamingProxy_BYYFHB1OSGPUGXG5TCNSP6B3X_126_1_0_0 Label:LandscapeStreamingProxy_1_0_0 SpatiallyLoaded:1 Bounds:IsValid=true, Min=(X=-12600.000 Y=-25200.000 Z=183.594), Max=(X=0.000 Y=-12600.000 Z=3453.906) RuntimeGrid:None EditorOnly:0 RuntimeOnly:0 HLODRelevant:1 ListedInSceneOutliner:1 IsMainWorldOnly:0
 |   |   |- Guid:382CA5384408FFC0093082B0D0C466ED BaseClass: NativeClass:/Script/Landscape.LandscapeStreamingProxy Name:LandscapeStreamingProxy_BYYFHB1OSGPUGXG5TCNSP6B3X_126_2_1_0 Label:LandscapeStreamingProxy_2_1_0 SpatiallyLoaded:1 Bounds:IsValid=true, Min=(X=0.000 Y=-12600.000 Z=203.125), Max=(X=12600.000 Y=0.000 Z=1725.781) RuntimeGrid:None EditorOnly:0 RuntimeOnly:0 HLODRelevant:1 ListedInSceneOutliner:1 IsMainWorldOnly:0
 |   |   |- Guid:389A17A74CEC79B051FFF4A7C42E074B BaseClass: NativeClass:/Script/WaterEditor.WaterBrushManager Name:Landscape_WaterBrushManager_0 Label:Landscape_WaterBrushManager SpatiallyLoaded:0 Bounds:IsValid=true, Min=(X=0.000 Y=0.000 Z=5153.906), Max=(X=350.000 Y=350.000 Z=50000.000) RuntimeGrid:None EditorOnly:0 RuntimeOnly:0 HLODRelevant:0 ListedInSceneOutliner:1 IsMainWorldOnly:0
 |   |   |- Guid:3961BF574F4D4E948BD7B3AC0AB2EFD6 BaseClass: NativeClass:/Script/Engine.VolumetricCloud Name:VolumetricCloud_0 Label:VolumetricCloud SpatiallyLoaded:0 Bounds:IsValid=true, Min=(X=0.000 Y=0.000 Z=820.000), Max=(X=0.000 Y=0.000 Z=820.000) RuntimeGrid:None EditorOnly:0 RuntimeOnly:0 HLODRelevant:0 ListedInSceneOutliner:1 IsMainWorldOnly:0 FolderPath:Lighting FolderGuid:963EC3EB4002CCE9759E2EBA541A873A
 |   |   |- Guid:3D3275CE4925821194BCE4BE814DED34 BaseClass: NativeClass:/Script/Landscape.LandscapeStreamingProxy Name:LandscapeStreamingProxy_BYYFHB1OSGPUGXG5TCNSP6B3X_126_0_1_0 Label:LandscapeStreamingProxy_0_1_0 SpatiallyLoaded:1 Bounds:IsValid=true, Min=(X=-25200.000 Y=-12600.000 Z=232.031), Max=(X=-12600.000 Y=0.000 Z=2123.438) RuntimeGrid:None EditorOnly:0 RuntimeOnly:0 HLODRelevant:1 ListedInSceneOutliner:1 IsMainWorldOnly:0
 |   |   |- Guid:451B38A0489551792D6883843239BF40 BaseClass: NativeClass:/Script/Landscape.LandscapeStreamingProxy Name:LandscapeStreamingProxy_3JP63SFGOD2C17HN6L68FDOTA_126_1_3_0 Label:LandscapeStreamingProxy_1_3_0 SpatiallyLoaded:1 Bounds:IsValid=true, Min=(X=-2444.000 Y=3634.000 Z=620.000), Max=(X=580.000 Y=6658.000 Z=820.000) RuntimeGrid:None EditorOnly:0 RuntimeOnly:0 HLODRelevant:1 ListedInSceneOutliner:1 IsMainWorldOnly:0
 |   |   |- Guid:4A3A5E654776D76BE722E3A45EA58D7C BaseClass: NativeClass:/Script/Landscape.LandscapeStreamingProxy Name:LandscapeStreamingProxy_3JP63SFGOD2C17HN6L68FDOTA_126_1_1_0 Label:LandscapeStreamingProxy_1_1_0 SpatiallyLoaded:1 Bounds:IsValid=true, Min=(X=-2444.000 Y=-2414.000 Z=620.000), Max=(X=580.000 Y=610.000 Z=820.000) RuntimeGrid:None EditorOnly:0 RuntimeOnly:0 HLODRelevant:1 ListedInSceneOutliner:1 IsMainWorldOnly:0
 |   |   |- Guid:501BD85346382EB5B97DB9B524B5342E BaseClass: NativeClass:/Script/Landscape.LandscapeStreamingProxy Name:LandscapeStreamingProxy_BYYFHB1OSGPUGXG5TCNSP6B3X_126_0_3_0 Label:LandscapeStreamingProxy_0_3_0 SpatiallyLoaded:1 Bounds:IsValid=true, Min=(X=-25200.000 Y=12600.000 Z=318.750), Max=(X=-12600.000 Y=25200.000 Z=2953.906) RuntimeGrid:None EditorOnly:0 RuntimeOnly:0 HLODRelevant:1 ListedInSceneOutliner:1 IsMainWorldOnly:0
 |   |   |- Guid:519ED4404B607E5144273A9EF41F8645 BaseClass: NativeClass:/Script/Landscape.LandscapeStreamingProxy Name:LandscapeStreamingProxy_BYYFHB1OSGPUGXG5TCNSP6B3X_126_1_1_0 Label:LandscapeStreamingProxy_1_1_0 SpatiallyLoaded:1 Bounds:IsValid=true, Min=(X=-12600.000 Y=-12600.000 Z=130.469), Max=(X=0.000 Y=0.000 Z=1792.969) RuntimeGrid:None EditorOnly:0 RuntimeOnly:0 HLODRelevant:1 ListedInSceneOutliner:1 IsMainWorldOnly:0
 |   |   |- Guid:5641A1854A664D0BF725A494E2B2D4AE BaseClass: NativeClass:/Script/Landscape.Landscape Name:Landscape_UAID_D8BBC114330A5D7102_2048959191 Label:Landscape SpatiallyLoaded:0 Bounds:IsValid=true, Min=(X=-25200.000 Y=-25200.000 Z=100.000), Max=(X=-25200.000 Y=-25200.000 Z=100.000) RuntimeGrid:None EditorOnly:0 RuntimeOnly:0 HLODRelevant:0 ListedInSceneOutliner:1 IsMainWorldOnly:0
 |   |   |- Guid:585E847848C6FFDF7115B2A77826CF82 BaseClass: NativeClass:/Script/Landscape.LandscapeStreamingProxy Name:LandscapeStreamingProxy_BYYFHB1OSGPUGXG5TCNSP6B3X_126_2_3_0 Label:LandscapeStreamingProxy_2_3_0 SpatiallyLoaded:1 Bounds:IsValid=true, Min=(X=0.000 Y=12600.000 Z=117.188), Max=(X=12600.000 Y=25200.000 Z=3490.625) RuntimeGrid:None EditorOnly:0 RuntimeOnly:0 HLODRelevant:1 ListedInSceneOutliner:1 IsMainWorldOnly:0
 |   |   |- Guid:5E1C9D4D4FD3ECEBCA3C519231B354E3 BaseClass: NativeClass:/Script/Landscape.LandscapeStreamingProxy Name:LandscapeStreamingProxy_3JP63SFGOD2C17HN6L68FDOTA_126_1_0_0 Label:LandscapeStreamingProxy_1_0_0 SpatiallyLoaded:1 Bounds:IsValid=true, Min=(X=-2444.000 Y=-5438.000 Z=620.000), Max=(X=580.000 Y=-2414.000 Z=820.000) RuntimeGrid:None EditorOnly:0 RuntimeOnly:0 HLODRelevant:1 ListedInSceneOutliner:1 IsMainWorldOnly:0
 |   |   |- Guid:6CAC46054CB4854B7F83428CDFE47BA9 BaseClass: NativeClass:/Script/Engine.SkyLight Name:SkyLight_1 Label:SkyLight SpatiallyLoaded:0 Bounds:IsValid=true, Min=(X=0.000 Y=-770.000 Z=690.000), Max=(X=0.000 Y=-770.000 Z=690.000) RuntimeGrid:None EditorOnly:0 RuntimeOnly:0 HLODRelevant:0 ListedInSceneOutliner:1 IsMainWorldOnly:0 FolderPath:Lighting FolderGuid:963EC3EB4002CCE9759E2EBA541A873A
 |   |   |- Guid:6F2435224359C758325C959AA1D8771E BaseClass: NativeClass:/Script/Landscape.LandscapeStreamingProxy Name:LandscapeStreamingProxy_3JP63SFGOD2C17HN6L68FDOTA_126_3_0_0 Label:LandscapeStreamingProxy_3_0_0 SpatiallyLoaded:1 Bounds:IsValid=true, Min=(X=3604.000 Y=-5438.000 Z=620.000), Max=(X=6628.000 Y=-2414.000 Z=820.000) RuntimeGrid:None EditorOnly:0 RuntimeOnly:0 HLODRelevant:1 ListedInSceneOutliner:1 IsMainWorldOnly:0
 |   |   |- Guid:71DD3754451D4B108E2D369C558ADC1D BaseClass: NativeClass:/Script/Landscape.LandscapeStreamingProxy Name:LandscapeStreamingProxy_3JP63SFGOD2C17HN6L68FDOTA_126_2_2_0 Label:LandscapeStreamingProxy_2_2_0 SpatiallyLoaded:1 Bounds:IsValid=true, Min=(X=580.000 Y=610.000 Z=620.000), Max=(X=3604.000 Y=3634.000 Z=820.000) RuntimeGrid:None EditorOnly:0 RuntimeOnly:0 HLODRelevant:1 ListedInSceneOutliner:1 IsMainWorldOnly:0
 |   |   |- Guid:72AC6D8843DB0363944E958836404543 BaseClass: NativeClass:/Script/Landscape.LandscapeStreamingProxy Name:LandscapeStreamingProxy_BYYFHB1OSGPUGXG5TCNSP6B3X_126_0_0_0 Label:LandscapeStreamingProxy_0_0_0 SpatiallyLoaded:1 Bounds:IsValid=true, Min=(X=-25200.000 Y=-25200.000 Z=234.375), Max=(X=-12600.000 Y=-12600.000 Z=3964.844) RuntimeGrid:None EditorOnly:0 RuntimeOnly:0 HLODRelevant:1 ListedInSceneOutliner:1 IsMainWorldOnly:0
 |   |   |- Guid:76C8AC614AD554D7D04911951C992BE3 BaseClass: NativeClass:/Script/Landscape.LandscapeStreamingProxy Name:LandscapeStreamingProxy_3JP63SFGOD2C17HN6L68FDOTA_126_3_1_0 Label:LandscapeStreamingProxy_3_1_0 SpatiallyLoaded:1 Bounds:IsValid=true, Min=(X=3604.000 Y=-2414.000 Z=620.000), Max=(X=6628.000 Y=610.000 Z=820.000) RuntimeGrid:None EditorOnly:0 RuntimeOnly:0 HLODRelevant:1 ListedInSceneOutliner:1 IsMainWorldOnly:0
 |   |   |- Guid:786CB46D4A3953B75043928ED5D1A136 BaseClass: NativeClass:/Script/Engine.ExponentialHeightFog Name:ExponentialHeightFog_0 Label:ExponentialHeightFog SpatiallyLoaded:0 Bounds:IsValid=true, Min=(X=-5600.000 Y=-50.000 Z=-6850.000), Max=(X=-5600.000 Y=-50.000 Z=-6850.000) RuntimeGrid:None EditorOnly:0 RuntimeOnly:0 HLODRelevant:0 ListedInSceneOutliner:1 IsMainWorldOnly:0 FolderPath:Lighting FolderGuid:963EC3EB4002CCE9759E2EBA541A873A
 |   |   |- Guid:88603CF64C724AF83159C8952AEEC619 BaseClass: NativeClass:/Script/Landscape.LandscapeStreamingProxy Name:LandscapeStreamingProxy_3JP63SFGOD2C17HN6L68FDOTA_126_2_3_0 Label:LandscapeStreamingProxy_2_3_0 SpatiallyLoaded:1 Bounds:IsValid=true, Min=(X=580.000 Y=3634.000 Z=620.000), Max=(X=3604.000 Y=6658.000 Z=820.000) RuntimeGrid:None EditorOnly:0 RuntimeOnly:0 HLODRelevant:1 ListedInSceneOutliner:1 IsMainWorldOnly:0
 |   |   |- Guid:8B93F3B74808675E20CB13B2F53ED058 BaseClass: NativeClass:/Script/Landscape.LandscapeStreamingProxy Name:LandscapeStreamingProxy_3JP63SFGOD2C17HN6L68FDOTA_126_3_3_0 Label:LandscapeStreamingProxy_3_3_0 SpatiallyLoaded:1 Bounds:IsValid=true, Min=(X=3604.000 Y=3634.000 Z=620.000), Max=(X=6628.000 Y=6658.000 Z=820.000) RuntimeGrid:None EditorOnly:0 RuntimeOnly:0 HLODRelevant:1 ListedInSceneOutliner:1 IsMainWorldOnly:0
 |   |   |- Guid:94002BFC496120C420F6E6B3F86B25FE BaseClass: NativeClass:/Script/Landscape.LandscapeStreamingProxy Name:LandscapeStreamingProxy_3JP63SFGOD2C17HN6L68FDOTA_126_0_0_0 Label:LandscapeStreamingProxy_0_0_0 SpatiallyLoaded:1 Bounds:IsValid=true, Min=(X=-5468.000 Y=-5438.000 Z=620.000), Max=(X=-2444.000 Y=-2414.000 Z=820.000) RuntimeGrid:None EditorOnly:0 RuntimeOnly:0 HLODRelevant:1 ListedInSceneOutliner:1 IsMainWorldOnly:0
 |   |   |- Guid:946AB173435CEBD8CA44E6ABF0B22488 BaseClass: NativeClass:/Script/Engine.PostProcessVolume Name:PostProcessVolume_0 Label:PostProcessVolume SpatiallyLoaded:0 Bounds:IsValid=true, Min=(X=0.000 Y=0.000 Z=920.000), Max=(X=200.000 Y=200.000 Z=1120.000) RuntimeGrid:None EditorOnly:0 RuntimeOnly:0 HLODRelevant:0 ListedInSceneOutliner:1 IsMainWorldOnly:0 FolderPath:Lighting FolderGuid:963EC3EB4002CCE9759E2EBA541A873A
 |   |   |- Guid:9D61CBAC405298EF047C789C560B008D BaseClass: NativeClass:/Script/Landscape.LandscapeStreamingProxy Name:LandscapeStreamingProxy_BYYFHB1OSGPUGXG5TCNSP6B3X_126_2_2_0 Label:LandscapeStreamingProxy_2_2_0 SpatiallyLoaded:1 Bounds:IsValid=true, Min=(X=0.000 Y=0.000 Z=244.531), Max=(X=12600.000 Y=12600.000 Z=2012.500) RuntimeGrid:None EditorOnly:0 RuntimeOnly:0 HLODRelevant:1 ListedInSceneOutliner:1 IsMainWorldOnly:0
 |   |   |- Guid:A40747234D7C778194F43392BBFCA540 BaseClass: NativeClass:/Script/Landscape.LandscapeStreamingProxy Name:LandscapeStreamingProxy_BYYFHB1OSGPUGXG5TCNSP6B3X_126_1_3_0 Label:LandscapeStreamingProxy_1_3_0 SpatiallyLoaded:1 Bounds:IsValid=true, Min=(X=-12600.000 Y=12600.000 Z=125.000), Max=(X=0.000 Y=25200.000 Z=2035.156) RuntimeGrid:None EditorOnly:0 RuntimeOnly:0 HLODRelevant:1 ListedInSceneOutliner:1 IsMainWorldOnly:0
 |   |   |- Guid:AC76A6FE4FCCDDCA6A3792AC2E809B50 BaseClass: NativeClass:/Script/Engine.PlayerStart Name:PlayerStart_0 Label:PlayerStart SpatiallyLoaded:0 Bounds:IsValid=true, Min=(X=860.000 Y=15900.000 Z=1510.013), Max=(X=940.000 Y=15980.000 Z=1694.013) RuntimeGrid:None EditorOnly:0 RuntimeOnly:0 HLODRelevant:0 ListedInSceneOutliner:1 IsMainWorldOnly:0
 |   |   |- Guid:B17D15ED4EB0AE95ED91C9982760E069 BaseClass: NativeClass:/Script/Landscape.LandscapeStreamingProxy Name:LandscapeStreamingProxy_BYYFHB1OSGPUGXG5TCNSP6B3X_126_2_0_0 Label:LandscapeStreamingProxy_2_0_0 SpatiallyLoaded:1 Bounds:IsValid=true, Min=(X=0.000 Y=-25200.000 Z=266.406), Max=(X=12600.000 Y=-12600.000 Z=4184.375) RuntimeGrid:None EditorOnly:0 RuntimeOnly:0 HLODRelevant:1 ListedInSceneOutliner:1 IsMainWorldOnly:0
 |   |   |- Guid:B5425F274A8CA873034E57AB48999B9C BaseClass: NativeClass:/Script/Landscape.LandscapeStreamingProxy Name:LandscapeStreamingProxy_BYYFHB1OSGPUGXG5TCNSP6B3X_126_3_1_0 Label:LandscapeStreamingProxy_3_1_0 SpatiallyLoaded:1 Bounds:IsValid=true, Min=(X=12600.000 Y=-12600.000 Z=100.000), Max=(X=25200.000 Y=0.000 Z=5806.250) RuntimeGrid:None EditorOnly:0 RuntimeOnly:0 HLODRelevant:1 ListedInSceneOutliner:1 IsMainWorldOnly:0
 |   |   |- Guid:BAAA92B842F80EA36C51E785AC34C906 BaseClass: NativeClass:/Script/Landscape.LandscapeStreamingProxy Name:LandscapeStreamingProxy_BYYFHB1OSGPUGXG5TCNSP6B3X_126_3_3_0 Label:LandscapeStreamingProxy_3_3_0 SpatiallyLoaded:1 Bounds:IsValid=true, Min=(X=12600.000 Y=12600.000 Z=100.000), Max=(X=25200.000 Y=25200.000 Z=10207.812) RuntimeGrid:None EditorOnly:0 RuntimeOnly:0 HLODRelevant:1 ListedInSceneOutliner:1 IsMainWorldOnly:0
 |   |   |- Guid:BC276EE345463B3E8CDCA1860177092F BaseClass: NativeClass:/Script/Landscape.LandscapeStreamingProxy Name:LandscapeStreamingProxy_BYYFHB1OSGPUGXG5TCNSP6B3X_126_3_2_0 Label:LandscapeStreamingProxy_3_2_0 SpatiallyLoaded:1 Bounds:IsValid=true, Min=(X=12600.000 Y=0.000 Z=100.000), Max=(X=25200.000 Y=12600.000 Z=3770.312) RuntimeGrid:None EditorOnly:0 RuntimeOnly:0 HLODRelevant:1 ListedInSceneOutliner:1 IsMainWorldOnly:0
 |   |   |- Guid:BDA386BD40DC35720E372E88C4117860 BaseClass: NativeClass:/Script/Landscape.LandscapeStreamingProxy Name:LandscapeStreamingProxy_3JP63SFGOD2C17HN6L68FDOTA_126_2_0_0 Label:LandscapeStreamingProxy_2_0_0 SpatiallyLoaded:1 Bounds:IsValid=true, Min=(X=580.000 Y=-5438.000 Z=620.000), Max=(X=3604.000 Y=-2414.000 Z=820.000) RuntimeGrid:None EditorOnly:0 RuntimeOnly:0 HLODRelevant:1 ListedInSceneOutliner:1 IsMainWorldOnly:0
 |   |   |- Guid:C653436D48388260DD29F6BEFAD0DE0C BaseClass: NativeClass:/Script/Landscape.LandscapeStreamingProxy Name:LandscapeStreamingProxy_BYYFHB1OSGPUGXG5TCNSP6B3X_126_0_2_0 Label:LandscapeStreamingProxy_0_2_0 SpatiallyLoaded:1 Bounds:IsValid=true, Min=(X=-25200.000 Y=0.000 Z=156.250), Max=(X=-12600.000 Y=12600.000 Z=2870.312) RuntimeGrid:None EditorOnly:0 RuntimeOnly:0 HLODRelevant:1 ListedInSceneOutliner:1 IsMainWorldOnly:0
 |   |   |- Guid:C6AE6267498922813F273487DC4FBA6F BaseClass: NativeClass:/Script/Landscape.Landscape Name:Landscape_UAID_D8BBC114330A637102_1112407247 Label:Landscape2 SpatiallyLoaded:0 Bounds:IsValid=true, Min=(X=-5468.000 Y=-5438.000 Z=720.000), Max=(X=-5468.000 Y=-5438.000 Z=720.000) RuntimeGrid:None EditorOnly:0 RuntimeOnly:0 HLODRelevant:0 ListedInSceneOutliner:1 IsMainWorldOnly:0
 |   |   |- Guid:CA0FE85A43A53BA12A2771B359F3478B BaseClass: NativeClass:/Script/Engine.WorldDataLayers Name:WorldDataLayers Label:WorldDataLayers SpatiallyLoaded:0 Bounds:Invalid RuntimeGrid:None EditorOnly:0 RuntimeOnly:0 HLODRelevant:0 ListedInSceneOutliner:1 IsMainWorldOnly:1
 |   |   |- Guid:CD3BEDE845D68782D02D8C91459758E6 BaseClass: NativeClass:/Script/Landscape.LandscapeStreamingProxy Name:LandscapeStreamingProxy_3JP63SFGOD2C17HN6L68FDOTA_126_3_2_0 Label:LandscapeStreamingProxy_3_2_0 SpatiallyLoaded:1 Bounds:IsValid=true, Min=(X=3604.000 Y=610.000 Z=620.000), Max=(X=6628.000 Y=3634.000 Z=820.000) RuntimeGrid:None EditorOnly:0 RuntimeOnly:0 HLODRelevant:1 ListedInSceneOutliner:1 IsMainWorldOnly:0
 |   |   |- Guid:DF51012F44A541BEA93A0B8791057735 BaseClass: NativeClass:/Script/Engine.SkyAtmosphere Name:SkyAtmosphere_0 Label:SkyAtmosphere SpatiallyLoaded:0 Bounds:IsValid=true, Min=(X=-100.000 Y=0.000 Z=1020.000), Max=(X=-100.000 Y=0.000 Z=1020.000) RuntimeGrid:None EditorOnly:0 RuntimeOnly:0 HLODRelevant:0 ListedInSceneOutliner:1 IsMainWorldOnly:0 FolderPath:Lighting FolderGuid:963EC3EB4002CCE9759E2EBA541A873A
 |   |   |- Guid:E4217DC246AD7653FB9239832FAC096D BaseClass: NativeClass:/Script/Landscape.LandscapeStreamingProxy Name:LandscapeStreamingProxy_3JP63SFGOD2C17HN6L68FDOTA_126_2_1_0 Label:LandscapeStreamingProxy_2_1_0 SpatiallyLoaded:1 Bounds:IsValid=true, Min=(X=580.000 Y=-2414.000 Z=620.000), Max=(X=3604.000 Y=610.000 Z=820.000) RuntimeGrid:None EditorOnly:0 RuntimeOnly:0 HLODRelevant:1 ListedInSceneOutliner:1 IsMainWorldOnly:0
 |   |   |- Guid:E778107344C03934E58AD1B1DF89EDBE BaseClass: NativeClass:/Script/Landscape.LandscapeStreamingProxy Name:LandscapeStreamingProxy_3JP63SFGOD2C17HN6L68FDOTA_126_0_1_0 Label:LandscapeStreamingProxy_0_1_0 SpatiallyLoaded:1 Bounds:IsValid=true, Min=(X=-5468.000 Y=-2414.000 Z=620.000), Max=(X=-2444.000 Y=610.000 Z=820.000) RuntimeGrid:None EditorOnly:0 RuntimeOnly:0 HLODRelevant:1 ListedInSceneOutliner:1 IsMainWorldOnly:0
 |   |- [+] Clusters:
 |   |   |- [+] [  0]
 |   |   |   |- Guid:0318D7354E806D49C5AF38AF0EFF1862 BaseClass: NativeClass:/Script/Landscape.LandscapeStreamingProxy Name:LandscapeStreamingProxy_3JP63SFGOD2C17HN6L68FDOTA_126_1_2_0 Label:LandscapeStreamingProxy_1_2_0 SpatiallyLoaded:1 Bounds:IsValid=true, Min=(X=-2444.000 Y=610.000 Z=620.000), Max=(X=580.000 Y=3634.000 Z=820.000) RuntimeGrid:None EditorOnly:0 RuntimeOnly:0 HLODRelevant:1 ListedInSceneOutliner:1 IsMainWorldOnly:0
 |   |   |- [+] [  1]
 |   |   |   |- Guid:07C673684D02A857B82D9C8F524AFD0F BaseClass: NativeClass:/Script/Landscape.LandscapeStreamingProxy Name:LandscapeStreamingProxy_BYYFHB1OSGPUGXG5TCNSP6B3X_126_1_2_0 Label:LandscapeStreamingProxy_1_2_0 SpatiallyLoaded:1 Bounds:IsValid=true, Min=(X=-12600.000 Y=0.000 Z=117.188), Max=(X=0.000 Y=12600.000 Z=1839.844) RuntimeGrid:None EditorOnly:0 RuntimeOnly:0 HLODRelevant:1 ListedInSceneOutliner:1 IsMainWorldOnly:0
 |   |   |- [+] [  2]
 |   |   |   |- Guid:1699318E4EC93B317E7C508267A58BA8 BaseClass: NativeClass:/Script/Landscape.LandscapeStreamingProxy Name:LandscapeStreamingProxy_3JP63SFGOD2C17HN6L68FDOTA_126_0_3_0 Label:LandscapeStreamingProxy_0_3_0 SpatiallyLoaded:1 Bounds:IsValid=true, Min=(X=-5468.000 Y=3634.000 Z=620.000), Max=(X=-2444.000 Y=6658.000 Z=820.000) RuntimeGrid:None EditorOnly:0 RuntimeOnly:0 HLODRelevant:1 ListedInSceneOutliner:1 IsMainWorldOnly:0
 |   |   |- [+] [  3]
 |   |   |   |- Guid:1714817E4C4704C54483349AD319B5DC BaseClass: NativeClass:/Script/Water.WaterZone Name:WaterZone_UAID_D8BBC114330A5F7102_1489600544 Label:WaterZone SpatiallyLoaded:0 Bounds:IsValid=true, Min=(X=-25200.000 Y=-25200.000 Z=-25200.000), Max=(X=25200.000 Y=25200.000 Z=25200.000) RuntimeGrid:None EditorOnly:0 RuntimeOnly:0 HLODRelevant:0 ListedInSceneOutliner:1 IsMainWorldOnly:0
 |   |   |- [+] [  4]
 |   |   |   |- Guid:18B8C04B4739E50ACB10CDA99EF9EDBA BaseClass: NativeClass:/Script/Landscape.LandscapeStreamingProxy Name:LandscapeStreamingProxy_BYYFHB1OSGPUGXG5TCNSP6B3X_126_3_0_0 Label:LandscapeStreamingProxy_3_0_0 SpatiallyLoaded:1 Bounds:IsValid=true, Min=(X=12600.000 Y=-25200.000 Z=100.000), Max=(X=25200.000 Y=-12600.000 Z=1979.688) RuntimeGrid:None EditorOnly:0 RuntimeOnly:0 HLODRelevant:1 ListedInSceneOutliner:1 IsMainWorldOnly:0
 |   |   |- [+] [  5]
 |   |   |   |- Guid:1E1A72414970F24964BD63822C26DEFA BaseClass: NativeClass:/Script/Engine.DirectionalLight Name:DirectionalLight_0 Label:DirectionalLight SpatiallyLoaded:0 Bounds:Invalid RuntimeGrid:None EditorOnly:0 RuntimeOnly:0 HLODRelevant:0 ListedInSceneOutliner:1 IsMainWorldOnly:0 FolderPath:Lighting FolderGuid:963EC3EB4002CCE9759E2EBA541A873A
 |   |   |- [+] [  6]
 |   |   |   |- Guid:2D7E13A544D5D3B5F5DEA4B8E4B9A625 BaseClass: NativeClass:/Script/Landscape.LandscapeStreamingProxy Name:LandscapeStreamingProxy_3JP63SFGOD2C17HN6L68FDOTA_126_0_2_0 Label:LandscapeStreamingProxy_0_2_0 SpatiallyLoaded:1 Bounds:IsValid=true, Min=(X=-5468.000 Y=610.000 Z=620.000), Max=(X=-2444.000 Y=3634.000 Z=820.000) RuntimeGrid:None EditorOnly:0 RuntimeOnly:0 HLODRelevant:1 ListedInSceneOutliner:1 IsMainWorldOnly:0
 |   |   |- [+] [  7]
 |   |   |   |- Guid:30D603BA4C48A1BA2C15C1958304B5F9 BaseClass: NativeClass:/Script/Landscape.LandscapeStreamingProxy Name:LandscapeStreamingProxy_BYYFHB1OSGPUGXG5TCNSP6B3X_126_1_0_0 Label:LandscapeStreamingProxy_1_0_0 SpatiallyLoaded:1 Bounds:IsValid=true, Min=(X=-12600.000 Y=-25200.000 Z=183.594), Max=(X=0.000 Y=-12600.000 Z=3453.906) RuntimeGrid:None EditorOnly:0 RuntimeOnly:0 HLODRelevant:1 ListedInSceneOutliner:1 IsMainWorldOnly:0
 |   |   |- [+] [  8]
 |   |   |   |- Guid:382CA5384408FFC0093082B0D0C466ED BaseClass: NativeClass:/Script/Landscape.LandscapeStreamingProxy Name:LandscapeStreamingProxy_BYYFHB1OSGPUGXG5TCNSP6B3X_126_2_1_0 Label:LandscapeStreamingProxy_2_1_0 SpatiallyLoaded:1 Bounds:IsValid=true, Min=(X=0.000 Y=-12600.000 Z=203.125), Max=(X=12600.000 Y=0.000 Z=1725.781) RuntimeGrid:None EditorOnly:0 RuntimeOnly:0 HLODRelevant:1 ListedInSceneOutliner:1 IsMainWorldOnly:0
 |   |   |- [+] [  9]
 |   |   |   |- Guid:389A17A74CEC79B051FFF4A7C42E074B BaseClass: NativeClass:/Script/WaterEditor.WaterBrushManager Name:Landscape_WaterBrushManager_0 Label:Landscape_WaterBrushManager SpatiallyLoaded:0 Bounds:IsValid=true, Min=(X=0.000 Y=0.000 Z=5153.906), Max=(X=350.000 Y=350.000 Z=50000.000) RuntimeGrid:None EditorOnly:0 RuntimeOnly:0 HLODRelevant:0 ListedInSceneOutliner:1 IsMainWorldOnly:0
 |   |   |- [+] [ 10]
 |   |   |   |- Guid:3961BF574F4D4E948BD7B3AC0AB2EFD6 BaseClass: NativeClass:/Script/Engine.VolumetricCloud Name:VolumetricCloud_0 Label:VolumetricCloud SpatiallyLoaded:0 Bounds:IsValid=true, Min=(X=0.000 Y=0.000 Z=820.000), Max=(X=0.000 Y=0.000 Z=820.000) RuntimeGrid:None EditorOnly:0 RuntimeOnly:0 HLODRelevant:0 ListedInSceneOutliner:1 IsMainWorldOnly:0 FolderPath:Lighting FolderGuid:963EC3EB4002CCE9759E2EBA541A873A
 |   |   |- [+] [ 11]
 |   |   |   |- Guid:3D3275CE4925821194BCE4BE814DED34 BaseClass: NativeClass:/Script/Landscape.LandscapeStreamingProxy Name:LandscapeStreamingProxy_BYYFHB1OSGPUGXG5TCNSP6B3X_126_0_1_0 Label:LandscapeStreamingProxy_0_1_0 SpatiallyLoaded:1 Bounds:IsValid=true, Min=(X=-25200.000 Y=-12600.000 Z=232.031), Max=(X=-12600.000 Y=0.000 Z=2123.438) RuntimeGrid:None EditorOnly:0 RuntimeOnly:0 HLODRelevant:1 ListedInSceneOutliner:1 IsMainWorldOnly:0
 |   |   |- [+] [ 12]
 |   |   |   |- Guid:451B38A0489551792D6883843239BF40 BaseClass: NativeClass:/Script/Landscape.LandscapeStreamingProxy Name:LandscapeStreamingProxy_3JP63SFGOD2C17HN6L68FDOTA_126_1_3_0 Label:LandscapeStreamingProxy_1_3_0 SpatiallyLoaded:1 Bounds:IsValid=true, Min=(X=-2444.000 Y=3634.000 Z=620.000), Max=(X=580.000 Y=6658.000 Z=820.000) RuntimeGrid:None EditorOnly:0 RuntimeOnly:0 HLODRelevant:1 ListedInSceneOutliner:1 IsMainWorldOnly:0
 |   |   |- [+] [ 13]
 |   |   |   |- Guid:4A3A5E654776D76BE722E3A45EA58D7C BaseClass: NativeClass:/Script/Landscape.LandscapeStreamingProxy Name:LandscapeStreamingProxy_3JP63SFGOD2C17HN6L68FDOTA_126_1_1_0 Label:LandscapeStreamingProxy_1_1_0 SpatiallyLoaded:1 Bounds:IsValid=true, Min=(X=-2444.000 Y=-2414.000 Z=620.000), Max=(X=580.000 Y=610.000 Z=820.000) RuntimeGrid:None EditorOnly:0 RuntimeOnly:0 HLODRelevant:1 ListedInSceneOutliner:1 IsMainWorldOnly:0
 |   |   |- [+] [ 14]
 |   |   |   |- Guid:501BD85346382EB5B97DB9B524B5342E BaseClass: NativeClass:/Script/Landscape.LandscapeStreamingProxy Name:LandscapeStreamingProxy_BYYFHB1OSGPUGXG5TCNSP6B3X_126_0_3_0 Label:LandscapeStreamingProxy_0_3_0 SpatiallyLoaded:1 Bounds:IsValid=true, Min=(X=-25200.000 Y=12600.000 Z=318.750), Max=(X=-12600.000 Y=25200.000 Z=2953.906) RuntimeGrid:None EditorOnly:0 RuntimeOnly:0 HLODRelevant:1 ListedInSceneOutliner:1 IsMainWorldOnly:0
 |   |   |- [+] [ 15]
 |   |   |   |- Guid:519ED4404B607E5144273A9EF41F8645 BaseClass: NativeClass:/Script/Landscape.LandscapeStreamingProxy Name:LandscapeStreamingProxy_BYYFHB1OSGPUGXG5TCNSP6B3X_126_1_1_0 Label:LandscapeStreamingProxy_1_1_0 SpatiallyLoaded:1 Bounds:IsValid=true, Min=(X=-12600.000 Y=-12600.000 Z=130.469), Max=(X=0.000 Y=0.000 Z=1792.969) RuntimeGrid:None EditorOnly:0 RuntimeOnly:0 HLODRelevant:1 ListedInSceneOutliner:1 IsMainWorldOnly:0
 |   |   |- [+] [ 16]
 |   |   |   |- Guid:5641A1854A664D0BF725A494E2B2D4AE BaseClass: NativeClass:/Script/Landscape.Landscape Name:Landscape_UAID_D8BBC114330A5D7102_2048959191 Label:Landscape SpatiallyLoaded:0 Bounds:IsValid=true, Min=(X=-25200.000 Y=-25200.000 Z=100.000), Max=(X=-25200.000 Y=-25200.000 Z=100.000) RuntimeGrid:None EditorOnly:0 RuntimeOnly:0 HLODRelevant:0 ListedInSceneOutliner:1 IsMainWorldOnly:0
 |   |   |- [+] [ 17]
 |   |   |   |- Guid:585E847848C6FFDF7115B2A77826CF82 BaseClass: NativeClass:/Script/Landscape.LandscapeStreamingProxy Name:LandscapeStreamingProxy_BYYFHB1OSGPUGXG5TCNSP6B3X_126_2_3_0 Label:LandscapeStreamingProxy_2_3_0 SpatiallyLoaded:1 Bounds:IsValid=true, Min=(X=0.000 Y=12600.000 Z=117.188), Max=(X=12600.000 Y=25200.000 Z=3490.625) RuntimeGrid:None EditorOnly:0 RuntimeOnly:0 HLODRelevant:1 ListedInSceneOutliner:1 IsMainWorldOnly:0
 |   |   |- [+] [ 18]
 |   |   |   |- Guid:5E1C9D4D4FD3ECEBCA3C519231B354E3 BaseClass: NativeClass:/Script/Landscape.LandscapeStreamingProxy Name:LandscapeStreamingProxy_3JP63SFGOD2C17HN6L68FDOTA_126_1_0_0 Label:LandscapeStreamingProxy_1_0_0 SpatiallyLoaded:1 Bounds:IsValid=true, Min=(X=-2444.000 Y=-5438.000 Z=620.000), Max=(X=580.000 Y=-2414.000 Z=820.000) RuntimeGrid:None EditorOnly:0 RuntimeOnly:0 HLODRelevant:1 ListedInSceneOutliner:1 IsMainWorldOnly:0
 |   |   |- [+] [ 19]
 |   |   |   |- Guid:6CAC46054CB4854B7F83428CDFE47BA9 BaseClass: NativeClass:/Script/Engine.SkyLight Name:SkyLight_1 Label:SkyLight SpatiallyLoaded:0 Bounds:IsValid=true, Min=(X=0.000 Y=-770.000 Z=690.000), Max=(X=0.000 Y=-770.000 Z=690.000) RuntimeGrid:None EditorOnly:0 RuntimeOnly:0 HLODRelevant:0 ListedInSceneOutliner:1 IsMainWorldOnly:0 FolderPath:Lighting FolderGuid:963EC3EB4002CCE9759E2EBA541A873A
 |   |   |- [+] [ 20]
 |   |   |   |- Guid:6F2435224359C758325C959AA1D8771E BaseClass: NativeClass:/Script/Landscape.LandscapeStreamingProxy Name:LandscapeStreamingProxy_3JP63SFGOD2C17HN6L68FDOTA_126_3_0_0 Label:LandscapeStreamingProxy_3_0_0 SpatiallyLoaded:1 Bounds:IsValid=true, Min=(X=3604.000 Y=-5438.000 Z=620.000), Max=(X=6628.000 Y=-2414.000 Z=820.000) RuntimeGrid:None EditorOnly:0 RuntimeOnly:0 HLODRelevant:1 ListedInSceneOutliner:1 IsMainWorldOnly:0
 |   |   |- [+] [ 21]
 |   |   |   |- Guid:71DD3754451D4B108E2D369C558ADC1D BaseClass: NativeClass:/Script/Landscape.LandscapeStreamingProxy Name:LandscapeStreamingProxy_3JP63SFGOD2C17HN6L68FDOTA_126_2_2_0 Label:LandscapeStreamingProxy_2_2_0 SpatiallyLoaded:1 Bounds:IsValid=true, Min=(X=580.000 Y=610.000 Z=620.000), Max=(X=3604.000 Y=3634.000 Z=820.000) RuntimeGrid:None EditorOnly:0 RuntimeOnly:0 HLODRelevant:1 ListedInSceneOutliner:1 IsMainWorldOnly:0
 |   |   |- [+] [ 22]
 |   |   |   |- Guid:72AC6D8843DB0363944E958836404543 BaseClass: NativeClass:/Script/Landscape.LandscapeStreamingProxy Name:LandscapeStreamingProxy_BYYFHB1OSGPUGXG5TCNSP6B3X_126_0_0_0 Label:LandscapeStreamingProxy_0_0_0 SpatiallyLoaded:1 Bounds:IsValid=true, Min=(X=-25200.000 Y=-25200.000 Z=234.375), Max=(X=-12600.000 Y=-12600.000 Z=3964.844) RuntimeGrid:None EditorOnly:0 RuntimeOnly:0 HLODRelevant:1 ListedInSceneOutliner:1 IsMainWorldOnly:0
 |   |   |- [+] [ 23]
 |   |   |   |- Guid:76C8AC614AD554D7D04911951C992BE3 BaseClass: NativeClass:/Script/Landscape.LandscapeStreamingProxy Name:LandscapeStreamingProxy_3JP63SFGOD2C17HN6L68FDOTA_126_3_1_0 Label:LandscapeStreamingProxy_3_1_0 SpatiallyLoaded:1 Bounds:IsValid=true, Min=(X=3604.000 Y=-2414.000 Z=620.000), Max=(X=6628.000 Y=610.000 Z=820.000) RuntimeGrid:None EditorOnly:0 RuntimeOnly:0 HLODRelevant:1 ListedInSceneOutliner:1 IsMainWorldOnly:0
 |   |   |- [+] [ 24]
 |   |   |   |- Guid:786CB46D4A3953B75043928ED5D1A136 BaseClass: NativeClass:/Script/Engine.ExponentialHeightFog Name:ExponentialHeightFog_0 Label:ExponentialHeightFog SpatiallyLoaded:0 Bounds:IsValid=true, Min=(X=-5600.000 Y=-50.000 Z=-6850.000), Max=(X=-5600.000 Y=-50.000 Z=-6850.000) RuntimeGrid:None EditorOnly:0 RuntimeOnly:0 HLODRelevant:0 ListedInSceneOutliner:1 IsMainWorldOnly:0 FolderPath:Lighting FolderGuid:963EC3EB4002CCE9759E2EBA541A873A
 |   |   |- [+] [ 25]
 |   |   |   |- Guid:88603CF64C724AF83159C8952AEEC619 BaseClass: NativeClass:/Script/Landscape.LandscapeStreamingProxy Name:LandscapeStreamingProxy_3JP63SFGOD2C17HN6L68FDOTA_126_2_3_0 Label:LandscapeStreamingProxy_2_3_0 SpatiallyLoaded:1 Bounds:IsValid=true, Min=(X=580.000 Y=3634.000 Z=620.000), Max=(X=3604.000 Y=6658.000 Z=820.000) RuntimeGrid:None EditorOnly:0 RuntimeOnly:0 HLODRelevant:1 ListedInSceneOutliner:1 IsMainWorldOnly:0
 |   |   |- [+] [ 26]
 |   |   |   |- Guid:8B93F3B74808675E20CB13B2F53ED058 BaseClass: NativeClass:/Script/Landscape.LandscapeStreamingProxy Name:LandscapeStreamingProxy_3JP63SFGOD2C17HN6L68FDOTA_126_3_3_0 Label:LandscapeStreamingProxy_3_3_0 SpatiallyLoaded:1 Bounds:IsValid=true, Min=(X=3604.000 Y=3634.000 Z=620.000), Max=(X=6628.000 Y=6658.000 Z=820.000) RuntimeGrid:None EditorOnly:0 RuntimeOnly:0 HLODRelevant:1 ListedInSceneOutliner:1 IsMainWorldOnly:0
 |   |   |- [+] [ 27]
 |   |   |   |- Guid:94002BFC496120C420F6E6B3F86B25FE BaseClass: NativeClass:/Script/Landscape.LandscapeStreamingProxy Name:LandscapeStreamingProxy_3JP63SFGOD2C17HN6L68FDOTA_126_0_0_0 Label:LandscapeStreamingProxy_0_0_0 SpatiallyLoaded:1 Bounds:IsValid=true, Min=(X=-5468.000 Y=-5438.000 Z=620.000), Max=(X=-2444.000 Y=-2414.000 Z=820.000) RuntimeGrid:None EditorOnly:0 RuntimeOnly:0 HLODRelevant:1 ListedInSceneOutliner:1 IsMainWorldOnly:0
 |   |   |- [+] [ 28]
 |   |   |   |- Guid:946AB173435CEBD8CA44E6ABF0B22488 BaseClass: NativeClass:/Script/Engine.PostProcessVolume Name:PostProcessVolume_0 Label:PostProcessVolume SpatiallyLoaded:0 Bounds:IsValid=true, Min=(X=0.000 Y=0.000 Z=920.000), Max=(X=200.000 Y=200.000 Z=1120.000) RuntimeGrid:None EditorOnly:0 RuntimeOnly:0 HLODRelevant:0 ListedInSceneOutliner:1 IsMainWorldOnly:0 FolderPath:Lighting FolderGuid:963EC3EB4002CCE9759E2EBA541A873A
 |   |   |- [+] [ 29]
 |   |   |   |- Guid:9D61CBAC405298EF047C789C560B008D BaseClass: NativeClass:/Script/Landscape.LandscapeStreamingProxy Name:LandscapeStreamingProxy_BYYFHB1OSGPUGXG5TCNSP6B3X_126_2_2_0 Label:LandscapeStreamingProxy_2_2_0 SpatiallyLoaded:1 Bounds:IsValid=true, Min=(X=0.000 Y=0.000 Z=244.531), Max=(X=12600.000 Y=12600.000 Z=2012.500) RuntimeGrid:None EditorOnly:0 RuntimeOnly:0 HLODRelevant:1 ListedInSceneOutliner:1 IsMainWorldOnly:0
 |   |   |- [+] [ 30]
 |   |   |   |- Guid:A40747234D7C778194F43392BBFCA540 BaseClass: NativeClass:/Script/Landscape.LandscapeStreamingProxy Name:LandscapeStreamingProxy_BYYFHB1OSGPUGXG5TCNSP6B3X_126_1_3_0 Label:LandscapeStreamingProxy_1_3_0 SpatiallyLoaded:1 Bounds:IsValid=true, Min=(X=-12600.000 Y=12600.000 Z=125.000), Max=(X=0.000 Y=25200.000 Z=2035.156) RuntimeGrid:None EditorOnly:0 RuntimeOnly:0 HLODRelevant:1 ListedInSceneOutliner:1 IsMainWorldOnly:0
 |   |   |- [+] [ 31]
 |   |   |   |- Guid:AC76A6FE4FCCDDCA6A3792AC2E809B50 BaseClass: NativeClass:/Script/Engine.PlayerStart Name:PlayerStart_0 Label:PlayerStart SpatiallyLoaded:0 Bounds:IsValid=true, Min=(X=860.000 Y=15900.000 Z=1510.013), Max=(X=940.000 Y=15980.000 Z=1694.013) RuntimeGrid:None EditorOnly:0 RuntimeOnly:0 HLODRelevant:0 ListedInSceneOutliner:1 IsMainWorldOnly:0
 |   |   |- [+] [ 32]
 |   |   |   |- Guid:B17D15ED4EB0AE95ED91C9982760E069 BaseClass: NativeClass:/Script/Landscape.LandscapeStreamingProxy Name:LandscapeStreamingProxy_BYYFHB1OSGPUGXG5TCNSP6B3X_126_2_0_0 Label:LandscapeStreamingProxy_2_0_0 SpatiallyLoaded:1 Bounds:IsValid=true, Min=(X=0.000 Y=-25200.000 Z=266.406), Max=(X=12600.000 Y=-12600.000 Z=4184.375) RuntimeGrid:None EditorOnly:0 RuntimeOnly:0 HLODRelevant:1 ListedInSceneOutliner:1 IsMainWorldOnly:0
 |   |   |- [+] [ 33]
 |   |   |   |- Guid:B5425F274A8CA873034E57AB48999B9C BaseClass: NativeClass:/Script/Landscape.LandscapeStreamingProxy Name:LandscapeStreamingProxy_BYYFHB1OSGPUGXG5TCNSP6B3X_126_3_1_0 Label:LandscapeStreamingProxy_3_1_0 SpatiallyLoaded:1 Bounds:IsValid=true, Min=(X=12600.000 Y=-12600.000 Z=100.000), Max=(X=25200.000 Y=0.000 Z=5806.250) RuntimeGrid:None EditorOnly:0 RuntimeOnly:0 HLODRelevant:1 ListedInSceneOutliner:1 IsMainWorldOnly:0
 |   |   |- [+] [ 34]
 |   |   |   |- Guid:BAAA92B842F80EA36C51E785AC34C906 BaseClass: NativeClass:/Script/Landscape.LandscapeStreamingProxy Name:LandscapeStreamingProxy_BYYFHB1OSGPUGXG5TCNSP6B3X_126_3_3_0 Label:LandscapeStreamingProxy_3_3_0 SpatiallyLoaded:1 Bounds:IsValid=true, Min=(X=12600.000 Y=12600.000 Z=100.000), Max=(X=25200.000 Y=25200.000 Z=10207.812) RuntimeGrid:None EditorOnly:0 RuntimeOnly:0 HLODRelevant:1 ListedInSceneOutliner:1 IsMainWorldOnly:0
 |   |   |- [+] [ 35]
 |   |   |   |- Guid:BC276EE345463B3E8CDCA1860177092F BaseClass: NativeClass:/Script/Landscape.LandscapeStreamingProxy Name:LandscapeStreamingProxy_BYYFHB1OSGPUGXG5TCNSP6B3X_126_3_2_0 Label:LandscapeStreamingProxy_3_2_0 SpatiallyLoaded:1 Bounds:IsValid=true, Min=(X=12600.000 Y=0.000 Z=100.000), Max=(X=25200.000 Y=12600.000 Z=3770.312) RuntimeGrid:None EditorOnly:0 RuntimeOnly:0 HLODRelevant:1 ListedInSceneOutliner:1 IsMainWorldOnly:0
 |   |   |- [+] [ 36]
 |   |   |   |- Guid:BDA386BD40DC35720E372E88C4117860 BaseClass: NativeClass:/Script/Landscape.LandscapeStreamingProxy Name:LandscapeStreamingProxy_3JP63SFGOD2C17HN6L68FDOTA_126_2_0_0 Label:LandscapeStreamingProxy_2_0_0 SpatiallyLoaded:1 Bounds:IsValid=true, Min=(X=580.000 Y=-5438.000 Z=620.000), Max=(X=3604.000 Y=-2414.000 Z=820.000) RuntimeGrid:None EditorOnly:0 RuntimeOnly:0 HLODRelevant:1 ListedInSceneOutliner:1 IsMainWorldOnly:0
 |   |   |- [+] [ 37]
 |   |   |   |- Guid:C653436D48388260DD29F6BEFAD0DE0C BaseClass: NativeClass:/Script/Landscape.LandscapeStreamingProxy Name:LandscapeStreamingProxy_BYYFHB1OSGPUGXG5TCNSP6B3X_126_0_2_0 Label:LandscapeStreamingProxy_0_2_0 SpatiallyLoaded:1 Bounds:IsValid=true, Min=(X=-25200.000 Y=0.000 Z=156.250), Max=(X=-12600.000 Y=12600.000 Z=2870.312) RuntimeGrid:None EditorOnly:0 RuntimeOnly:0 HLODRelevant:1 ListedInSceneOutliner:1 IsMainWorldOnly:0
 |   |   |- [+] [ 38]
 |   |   |   |- Guid:C6AE6267498922813F273487DC4FBA6F BaseClass: NativeClass:/Script/Landscape.Landscape Name:Landscape_UAID_D8BBC114330A637102_1112407247 Label:Landscape2 SpatiallyLoaded:0 Bounds:IsValid=true, Min=(X=-5468.000 Y=-5438.000 Z=720.000), Max=(X=-5468.000 Y=-5438.000 Z=720.000) RuntimeGrid:None EditorOnly:0 RuntimeOnly:0 HLODRelevant:0 ListedInSceneOutliner:1 IsMainWorldOnly:0
 |   |   |- [+] [ 39]
 |   |   |   |- Guid:CA0FE85A43A53BA12A2771B359F3478B BaseClass: NativeClass:/Script/Engine.WorldDataLayers Name:WorldDataLayers Label:WorldDataLayers SpatiallyLoaded:0 Bounds:Invalid RuntimeGrid:None EditorOnly:0 RuntimeOnly:0 HLODRelevant:0 ListedInSceneOutliner:1 IsMainWorldOnly:1
 |   |   |- [+] [ 40]
 |   |   |   |- Guid:CD3BEDE845D68782D02D8C91459758E6 BaseClass: NativeClass:/Script/Landscape.LandscapeStreamingProxy Name:LandscapeStreamingProxy_3JP63SFGOD2C17HN6L68FDOTA_126_3_2_0 Label:LandscapeStreamingProxy_3_2_0 SpatiallyLoaded:1 Bounds:IsValid=true, Min=(X=3604.000 Y=610.000 Z=620.000), Max=(X=6628.000 Y=3634.000 Z=820.000) RuntimeGrid:None EditorOnly:0 RuntimeOnly:0 HLODRelevant:1 ListedInSceneOutliner:1 IsMainWorldOnly:0
 |   |   |- [+] [ 41]
 |   |   |   |- Guid:DF51012F44A541BEA93A0B8791057735 BaseClass: NativeClass:/Script/Engine.SkyAtmosphere Name:SkyAtmosphere_0 Label:SkyAtmosphere SpatiallyLoaded:0 Bounds:IsValid=true, Min=(X=-100.000 Y=0.000 Z=1020.000), Max=(X=-100.000 Y=0.000 Z=1020.000) RuntimeGrid:None EditorOnly:0 RuntimeOnly:0 HLODRelevant:0 ListedInSceneOutliner:1 IsMainWorldOnly:0 FolderPath:Lighting FolderGuid:963EC3EB4002CCE9759E2EBA541A873A
 |   |   |- [+] [ 42]
 |   |   |   |- Guid:E4217DC246AD7653FB9239832FAC096D BaseClass: NativeClass:/Script/Landscape.LandscapeStreamingProxy Name:LandscapeStreamingProxy_3JP63SFGOD2C17HN6L68FDOTA_126_2_1_0 Label:LandscapeStreamingProxy_2_1_0 SpatiallyLoaded:1 Bounds:IsValid=true, Min=(X=580.000 Y=-2414.000 Z=620.000), Max=(X=3604.000 Y=610.000 Z=820.000) RuntimeGrid:None EditorOnly:0 RuntimeOnly:0 HLODRelevant:1 ListedInSceneOutliner:1 IsMainWorldOnly:0
 |   |   |- [+] [ 43]
 |   |   |   |- Guid:E778107344C03934E58AD1B1DF89EDBE BaseClass: NativeClass:/Script/Landscape.LandscapeStreamingProxy Name:LandscapeStreamingProxy_3JP63SFGOD2C17HN6L68FDOTA_126_0_1_0 Label:LandscapeStreamingProxy_0_1_0 SpatiallyLoaded:1 Bounds:IsValid=true, Min=(X=-5468.000 Y=-2414.000 Z=620.000), Max=(X=-2444.000 Y=610.000 Z=820.000) RuntimeGrid:None EditorOnly:0 RuntimeOnly:0 HLODRelevant:1 ListedInSceneOutliner:1 IsMainWorldOnly:0
 |- ContainerInstances:
 |- [+] MainContainer:
 |   |-        ID: 00000000000000000000000000000000
 |   |-  ParentID: 00000000000000000000000000000000
 |   |-    Bounds: IsValid=false, Min=(X=0.000 Y=0.000 Z=0.000), Max=(X=0.000 Y=0.000 Z=0.000)
 |   |- Transform: 0.000000,0.000000,0.000000|0.000000,0.000000,-0.000000|1.000000,1.000000,1.000000
 |   |- Container: /Game/DarkGame
----------------------------------------------------------------------------------------------------------------
DarkGame - Persistent Level
----------------------------------------------------------------------------------------------------------------
[+] Content of DarkGame Persistent Level
 |- Always loaded Actor Count: 44 
 |- Actor Path: /Game/DarkGame.DarkGame:PersistentLevel.DirectionalLight_0
 |- Actor Package: /Game/__ExternalActors__/DarkGame/4/2T/GBGFRTTGT5IG1OLSYMIU44
 |- Actor Path: /Game/DarkGame.DarkGame:PersistentLevel.ExponentialHeightFog_0
 |- Actor Package: /Game/__ExternalActors__/DarkGame/8/N3/5M0HL57S36HDWD3A0M6E99
 |- Actor Path: /Game/DarkGame.DarkGame:PersistentLevel.Landscape_UAID_D8BBC114330A5D7102_2048959191
 |- Actor Package: /Game/__ExternalActors__/DarkGame/3/FB/OENRJS06J97P0S6LQMPSC7
 |- Actor Path: /Game/DarkGame.DarkGame:PersistentLevel.Landscape_UAID_D8BBC114330A637102_1112407247
 |- Actor Package: /Game/__ExternalActors__/DarkGame/4/RS/RMRDJ7VS03Y22SEKF8B377
 |- Actor Path: /Game/DarkGame.DarkGame:PersistentLevel.Landscape_WaterBrushManager_0
 |- Actor Package: /Game/__ExternalActors__/DarkGame/A/7O/9UI1FBBL29CLTU8J8496QR
 |- Actor Path: /Game/DarkGame.DarkGame:PersistentLevel.LandscapeStreamingProxy_3JP63SFGOD2C17HN6L68FDOTA_126_0_0_0
 |- Actor Package: /Game/__ExternalActors__/DarkGame/D/LS/CU57QPFPBOW7WHBTLCABF4
 |- Actor Path: /Game/DarkGame.DarkGame:PersistentLevel.LandscapeStreamingProxy_3JP63SFGOD2C17HN6L68FDOTA_126_0_1_0
 |- Actor Package: /Game/__ExternalActors__/DarkGame/6/61/VK84MP7SZGKLYBKF9ZMNRB
 |- Actor Path: /Game/DarkGame.DarkGame:PersistentLevel.LandscapeStreamingProxy_3JP63SFGOD2C17HN6L68FDOTA_126_0_2_0
 |- Actor Package: /Game/__ExternalActors__/DarkGame/0/W6/WR0V2AGCSQUFZKWIZ0NJYW
 |- Actor Path: /Game/DarkGame.DarkGame:PersistentLevel.LandscapeStreamingProxy_3JP63SFGOD2C17HN6L68FDOTA_126_0_3_0
 |- Actor Package: /Game/__ExternalActors__/DarkGame/D/XG/J204OB45RQW66O3TPG8KJC
 |- Actor Path: /Game/DarkGame.DarkGame:PersistentLevel.LandscapeStreamingProxy_3JP63SFGOD2C17HN6L68FDOTA_126_1_0_0
 |- Actor Package: /Game/__ExternalActors__/DarkGame/5/03/MYPGNJ2529IR44YUDOQARZ
 |- Actor Path: /Game/DarkGame.DarkGame:PersistentLevel.LandscapeStreamingProxy_3JP63SFGOD2C17HN6L68FDOTA_126_1_1_0
 |- Actor Package: /Game/__ExternalActors__/DarkGame/9/NY/6THQHAILSP3WUAAWIAXZ2T
 |- Actor Path: /Game/DarkGame.DarkGame:PersistentLevel.LandscapeStreamingProxy_3JP63SFGOD2C17HN6L68FDOTA_126_1_2_0
 |- Actor Package: /Game/__ExternalActors__/DarkGame/C/SF/U20ZNTZB7I9PC24OE6DYRQ
 |- Actor Path: /Game/DarkGame.DarkGame:PersistentLevel.LandscapeStreamingProxy_3JP63SFGOD2C17HN6L68FDOTA_126_1_3_0
 |- Actor Package: /Game/__ExternalActors__/DarkGame/C/SI/HUFLKZT4Z3UFP3XHU0Y916
 |- Actor Path: /Game/DarkGame.DarkGame:PersistentLevel.LandscapeStreamingProxy_3JP63SFGOD2C17HN6L68FDOTA_126_2_0_0
 |- Actor Package: /Game/__ExternalActors__/DarkGame/E/9H/T2LT9SXQ1Y5W41ZUILYZFH
 |- Actor Path: /Game/DarkGame.DarkGame:PersistentLevel.LandscapeStreamingProxy_3JP63SFGOD2C17HN6L68FDOTA_126_2_1_0
 |- Actor Package: /Game/__ExternalActors__/DarkGame/1/7R/L2ZSH9MPZQEBFF982FZRIX
 |- Actor Path: /Game/DarkGame.DarkGame:PersistentLevel.LandscapeStreamingProxy_3JP63SFGOD2C17HN6L68FDOTA_126_2_2_0
 |- Actor Package: /Game/__ExternalActors__/DarkGame/4/3O/OAI8ISX76GEA0W3MSZO3KA
 |- Actor Path: /Game/DarkGame.DarkGame:PersistentLevel.LandscapeStreamingProxy_3JP63SFGOD2C17HN6L68FDOTA_126_2_3_0
 |- Actor Package: /Game/__ExternalActors__/DarkGame/3/AU/TSHL30F2JL9D45KEVTJ7OA
 |- Actor Path: /Game/DarkGame.DarkGame:PersistentLevel.LandscapeStreamingProxy_3JP63SFGOD2C17HN6L68FDOTA_126_3_0_0
 |- Actor Package: /Game/__ExternalActors__/DarkGame/0/3D/S4VFLEAOS7V0QNVNXUMOOM
 |- Actor Path: /Game/DarkGame.DarkGame:PersistentLevel.LandscapeStreamingProxy_3JP63SFGOD2C17HN6L68FDOTA_126_3_1_0
 |- Actor Package: /Game/__ExternalActors__/DarkGame/E/T5/781PLP20KVEJE6HMFZ7RRT
 |- Actor Path: /Game/DarkGame.DarkGame:PersistentLevel.LandscapeStreamingProxy_3JP63SFGOD2C17HN6L68FDOTA_126_3_2_0
 |- Actor Package: /Game/__ExternalActors__/DarkGame/8/TI/8SMN48KCEJ5KZJY89KS04A
 |- Actor Path: /Game/DarkGame.DarkGame:PersistentLevel.LandscapeStreamingProxy_3JP63SFGOD2C17HN6L68FDOTA_126_3_3_0
 |- Actor Package: /Game/__ExternalActors__/DarkGame/2/L6/4RXYJEJJ4MFO13PMRE08ZD
 |- Actor Path: /Game/DarkGame.DarkGame:PersistentLevel.LandscapeStreamingProxy_BYYFHB1OSGPUGXG5TCNSP6B3X_126_0_0_0
 |- Actor Package: /Game/__ExternalActors__/DarkGame/8/9I/SJWKKQQPHCFZZCZHN2PK7A
 |- Actor Path: /Game/DarkGame.DarkGame:PersistentLevel.LandscapeStreamingProxy_BYYFHB1OSGPUGXG5TCNSP6B3X_126_0_1_0
 |- Actor Package: /Game/__ExternalActors__/DarkGame/D/TH/K0TQ4O8HS5JY0VQA2OT0UA
 |- Actor Path: /Game/DarkGame.DarkGame:PersistentLevel.LandscapeStreamingProxy_BYYFHB1OSGPUGXG5TCNSP6B3X_126_0_2_0
 |- Actor Package: /Game/__ExternalActors__/DarkGame/4/N1/PW819PE0OOM7BLO802NV0Y
 |- Actor Path: /Game/DarkGame.DarkGame:PersistentLevel.LandscapeStreamingProxy_BYYFHB1OSGPUGXG5TCNSP6B3X_126_0_3_0
 |- Actor Package: /Game/__ExternalActors__/DarkGame/0/FI/3A6OXZI36V9I1JW9MFRLDQ
 |- Actor Path: /Game/DarkGame.DarkGame:PersistentLevel.LandscapeStreamingProxy_BYYFHB1OSGPUGXG5TCNSP6B3X_126_1_0_0
 |- Actor Package: /Game/__ExternalActors__/DarkGame/E/JT/B0A6OM9Y7DX8FDQ751BMNR
 |- Actor Path: /Game/DarkGame.DarkGame:PersistentLevel.LandscapeStreamingProxy_BYYFHB1OSGPUGXG5TCNSP6B3X_126_1_1_0
 |- Actor Package: /Game/__ExternalActors__/DarkGame/8/EE/7F6GS2YMYYH7MYMULTN2L2
 |- Actor Path: /Game/DarkGame.DarkGame:PersistentLevel.LandscapeStreamingProxy_BYYFHB1OSGPUGXG5TCNSP6B3X_126_1_2_0
 |- Actor Package: /Game/__ExternalActors__/DarkGame/2/1T/F9W521G259Z2RMY2MEN31E
 |- Actor Path: /Game/DarkGame.DarkGame:PersistentLevel.LandscapeStreamingProxy_BYYFHB1OSGPUGXG5TCNSP6B3X_126_1_3_0
 |- Actor Package: /Game/__ExternalActors__/DarkGame/0/MZ/1J0ILVVR1478C26AXFZ0MW
 |- Actor Path: /Game/DarkGame.DarkGame:PersistentLevel.LandscapeStreamingProxy_BYYFHB1OSGPUGXG5TCNSP6B3X_126_2_0_0
 |- Actor Package: /Game/__ExternalActors__/DarkGame/D/BR/OKE88UAD9HH6VTWQ1DDDH4
 |- Actor Path: /Game/DarkGame.DarkGame:PersistentLevel.LandscapeStreamingProxy_BYYFHB1OSGPUGXG5TCNSP6B3X_126_2_1_0
 |- Actor Package: /Game/__ExternalActors__/DarkGame/E/QJ/92VIYM9YU5JICY4ZZ3X6J7
 |- Actor Path: /Game/DarkGame.DarkGame:PersistentLevel.LandscapeStreamingProxy_BYYFHB1OSGPUGXG5TCNSP6B3X_126_2_2_0
 |- Actor Package: /Game/__ExternalActors__/DarkGame/8/9H/M6WRJLIX7YUQZWJB7RR4OG
 |- Actor Path: /Game/DarkGame.DarkGame:PersistentLevel.LandscapeStreamingProxy_BYYFHB1OSGPUGXG5TCNSP6B3X_126_2_3_0
 |- Actor Package: /Game/__ExternalActors__/DarkGame/3/1Y/UPO9M2C2FT3G0CD2E283V4
 |- Actor Path: /Game/DarkGame.DarkGame:PersistentLevel.LandscapeStreamingProxy_BYYFHB1OSGPUGXG5TCNSP6B3X_126_3_0_0
 |- Actor Package: /Game/__ExternalActors__/DarkGame/4/TZ/CPJV0KZX3HIC6YLWI62C4O
 |- Actor Path: /Game/DarkGame.DarkGame:PersistentLevel.LandscapeStreamingProxy_BYYFHB1OSGPUGXG5TCNSP6B3X_126_3_1_0
 |- Actor Package: /Game/__ExternalActors__/DarkGame/4/DS/6B6APHM9AOGLSB25PHS44C
 |- Actor Path: /Game/DarkGame.DarkGame:PersistentLevel.LandscapeStreamingProxy_BYYFHB1OSGPUGXG5TCNSP6B3X_126_3_2_0
 |- Actor Package: /Game/__ExternalActors__/DarkGame/E/6E/JNPRK4P28SLD4UNFFDH5LL
 |- Actor Path: /Game/DarkGame.DarkGame:PersistentLevel.LandscapeStreamingProxy_BYYFHB1OSGPUGXG5TCNSP6B3X_126_3_3_0
 |- Actor Package: /Game/__ExternalActors__/DarkGame/0/NJ/SW20X5GWM7TOP48EM749GA
 |- Actor Path: /Game/DarkGame.DarkGame:PersistentLevel.PlayerStart_0
 |- Actor Package: /Game/__ExternalActors__/DarkGame/9/YD/FG9NE63I1V7I9E38RHA26I
 |- Actor Path: /Game/DarkGame.DarkGame:PersistentLevel.PostProcessVolume_0
 |- Actor Package: /Game/__ExternalActors__/DarkGame/E/5C/8J9H35F2UR7NHQVSKP1P7T
 |- Actor Path: /Game/DarkGame.DarkGame:PersistentLevel.SkyAtmosphere_0
 |- Actor Package: /Game/__ExternalActors__/DarkGame/6/04/I6X9ORIGQQXRJEC0C0P7PQ
 |- Actor Path: /Game/DarkGame.DarkGame:PersistentLevel.SkyLight_1
 |- Actor Package: /Game/__ExternalActors__/DarkGame/8/6H/HGOBBD1OLH1UILHWT0PYW4
 |- Actor Path: /Game/DarkGame.DarkGame:PersistentLevel.VolumetricCloud_0
 |- Actor Package: /Game/__ExternalActors__/DarkGame/3/RE/H44J1XFI8UB8Z1QWJVDW7D
 |- Actor Path: /Game/DarkGame.DarkGame:PersistentLevel.WaterZone_UAID_D8BBC114330A5F7102_1489600544
 |- Actor Package: /Game/__ExternalActors__/DarkGame/6/BO/C83N98MWBA7LF4GXE0OLQN
 |- Actor Path: /Game/DarkGame.DarkGame:PersistentLevel.WorldDataLayers
 |- Actor Package: /Game/__ExternalActors__/DarkGame/B/CT/7BKN6S7PEYJXMCJNHDY3P0

----------------------------------------------------------------------------------------------------------------
DarkGame - Runtime Hash Set
----------------------------------------------------------------------------------------------------------------

