[+] Containers:
 |- [+] Container: /Game/DarkGame
 |   |- [+] ActorDescs:
 |   |   |- Guid:07C673684D02A857B82D9C8F524AFD0F BaseClass: NativeClass:/Script/Landscape.LandscapeStreamingProxy Name:LandscapeStreamingProxy_BYYFHB1OSGPUGXG5TCNSP6B3X_126_1_2_0 Label:LandscapeStreamingProxy_1_2_0 SpatiallyLoaded:1 Bounds:IsValid=true, Min=(X=-12600.000 Y=0.000 Z=-16415.625), Max=(X=0.000 Y=12600.000 Z=4810.938) RuntimeGrid:None EditorOnly:0 RuntimeOnly:0 HLODRelevant:1 ListedInSceneOutliner:1 IsMainWorldOnly:0
 |   |   |- Guid:1714817E4C4704C54483349AD319B5DC BaseClass: NativeClass:/Script/Water.WaterZone Name:WaterZone_UAID_D8BBC114330A5F7102_1489600544 Label:WaterZone SpatiallyLoaded:0 Bounds:IsValid=true, Min=(X=-25200.000 Y=-25200.000 Z=-25200.000), Max=(X=25200.000 Y=25200.000 Z=25200.000) RuntimeGrid:None EditorOnly:0 RuntimeOnly:0 HLODRelevant:0 ListedInSceneOutliner:1 IsMainWorldOnly:0
 |   |   |- Guid:18B8C04B4739E50ACB10CDA99EF9EDBA BaseClass: NativeClass:/Script/Landscape.LandscapeStreamingProxy Name:LandscapeStreamingProxy_BYYFHB1OSGPUGXG5TCNSP6B3X_126_3_0_0 Label:LandscapeStreamingProxy_3_0_0 SpatiallyLoaded:1 Bounds:IsValid=true, Min=(X=12600.000 Y=-25200.000 Z=100.000), Max=(X=25200.000 Y=-12600.000 Z=1979.688) RuntimeGrid:None EditorOnly:0 RuntimeOnly:0 HLODRelevant:1 ListedInSceneOutliner:1 IsMainWorldOnly:0
 |   |   |- Guid:1E1A72414970F24964BD63822C26DEFA BaseClass: NativeClass:/Script/Engine.DirectionalLight Name:DirectionalLight_0 Label:DirectionalLight SpatiallyLoaded:0 Bounds:Invalid RuntimeGrid:None EditorOnly:0 RuntimeOnly:0 HLODRelevant:0 ListedInSceneOutliner:1 IsMainWorldOnly:0 FolderPath:Lighting FolderGuid:963EC3EB4002CCE9759E2EBA541A873A
 |   |   |- Guid:30D603BA4C48A1BA2C15C1958304B5F9 BaseClass: NativeClass:/Script/Landscape.LandscapeStreamingProxy Name:LandscapeStreamingProxy_BYYFHB1OSGPUGXG5TCNSP6B3X_126_1_0_0 Label:LandscapeStreamingProxy_1_0_0 SpatiallyLoaded:1 Bounds:IsValid=true, Min=(X=-12600.000 Y=-25200.000 Z=-2085.938), Max=(X=0.000 Y=-12600.000 Z=3453.906) RuntimeGrid:None EditorOnly:0 RuntimeOnly:0 HLODRelevant:1 ListedInSceneOutliner:1 IsMainWorldOnly:0
 |   |   |- Guid:382CA5384408FFC0093082B0D0C466ED BaseClass: NativeClass:/Script/Landscape.LandscapeStreamingProxy Name:LandscapeStreamingProxy_BYYFHB1OSGPUGXG5TCNSP6B3X_126_2_1_0 Label:LandscapeStreamingProxy_2_1_0 SpatiallyLoaded:1 Bounds:IsValid=true, Min=(X=0.000 Y=-12600.000 Z=-7246.875), Max=(X=12600.000 Y=0.000 Z=948.438) RuntimeGrid:None EditorOnly:0 RuntimeOnly:0 HLODRelevant:1 ListedInSceneOutliner:1 IsMainWorldOnly:0
 |   |   |- Guid:389A17A74CEC79B051FFF4A7C42E074B BaseClass: NativeClass:/Script/WaterEditor.WaterBrushManager Name:Landscape_WaterBrushManager_0 Label:Landscape_WaterBrushManager SpatiallyLoaded:0 Bounds:IsValid=true, Min=(X=0.000 Y=0.000 Z=5153.906), Max=(X=350.000 Y=350.000 Z=50000.000) RuntimeGrid:None EditorOnly:0 RuntimeOnly:0 HLODRelevant:0 ListedInSceneOutliner:1 IsMainWorldOnly:0
 |   |   |- Guid:3961BF574F4D4E948BD7B3AC0AB2EFD6 BaseClass: NativeClass:/Script/Engine.VolumetricCloud Name:VolumetricCloud_0 Label:VolumetricCloud SpatiallyLoaded:0 Bounds:IsValid=true, Min=(X=0.000 Y=0.000 Z=820.000), Max=(X=0.000 Y=0.000 Z=820.000) RuntimeGrid:None EditorOnly:0 RuntimeOnly:0 HLODRelevant:0 ListedInSceneOutliner:1 IsMainWorldOnly:0 FolderPath:Lighting FolderGuid:963EC3EB4002CCE9759E2EBA541A873A
 |   |   |- Guid:3D3275CE4925821194BCE4BE814DED34 BaseClass: NativeClass:/Script/Landscape.LandscapeStreamingProxy Name:LandscapeStreamingProxy_BYYFHB1OSGPUGXG5TCNSP6B3X_126_0_1_0 Label:LandscapeStreamingProxy_0_1_0 SpatiallyLoaded:1 Bounds:IsValid=true, Min=(X=-25200.000 Y=-12600.000 Z=-20973.438), Max=(X=-12600.000 Y=0.000 Z=1643.750) RuntimeGrid:None EditorOnly:0 RuntimeOnly:0 HLODRelevant:1 ListedInSceneOutliner:1 IsMainWorldOnly:0
 |   |   |- Guid:501BD85346382EB5B97DB9B524B5342E BaseClass: NativeClass:/Script/Landscape.LandscapeStreamingProxy Name:LandscapeStreamingProxy_BYYFHB1OSGPUGXG5TCNSP6B3X_126_0_3_0 Label:LandscapeStreamingProxy_0_3_0 SpatiallyLoaded:1 Bounds:IsValid=true, Min=(X=-25200.000 Y=12600.000 Z=128.906), Max=(X=-12600.000 Y=25200.000 Z=2444.531) RuntimeGrid:None EditorOnly:0 RuntimeOnly:0 HLODRelevant:1 ListedInSceneOutliner:1 IsMainWorldOnly:0
 |   |   |- Guid:519ED4404B607E5144273A9EF41F8645 BaseClass: NativeClass:/Script/Landscape.LandscapeStreamingProxy Name:LandscapeStreamingProxy_BYYFHB1OSGPUGXG5TCNSP6B3X_126_1_1_0 Label:LandscapeStreamingProxy_1_1_0 SpatiallyLoaded:1 Bounds:IsValid=true, Min=(X=-12600.000 Y=-12600.000 Z=-16364.844), Max=(X=0.000 Y=0.000 Z=721.875) RuntimeGrid:None EditorOnly:0 RuntimeOnly:0 HLODRelevant:1 ListedInSceneOutliner:1 IsMainWorldOnly:0
 |   |   |- Guid:5641A1854A664D0BF725A494E2B2D4AE BaseClass: NativeClass:/Script/Landscape.Landscape Name:Landscape_UAID_D8BBC114330A5D7102_2048959191 Label:Landscape SpatiallyLoaded:0 Bounds:IsValid=true, Min=(X=-25200.000 Y=-25200.000 Z=100.000), Max=(X=-25200.000 Y=-25200.000 Z=100.000) RuntimeGrid:None EditorOnly:0 RuntimeOnly:0 HLODRelevant:0 ListedInSceneOutliner:1 IsMainWorldOnly:0
 |   |   |- Guid:585E847848C6FFDF7115B2A77826CF82 BaseClass: NativeClass:/Script/Landscape.LandscapeStreamingProxy Name:LandscapeStreamingProxy_BYYFHB1OSGPUGXG5TCNSP6B3X_126_2_3_0 Label:LandscapeStreamingProxy_2_3_0 SpatiallyLoaded:1 Bounds:IsValid=true, Min=(X=0.000 Y=12600.000 Z=100.000), Max=(X=12600.000 Y=25200.000 Z=3490.625) RuntimeGrid:None EditorOnly:0 RuntimeOnly:0 HLODRelevant:1 ListedInSceneOutliner:1 IsMainWorldOnly:0
 |   |   |- Guid:6CAC46054CB4854B7F83428CDFE47BA9 BaseClass: NativeClass:/Script/Engine.SkyLight Name:SkyLight_1 Label:SkyLight SpatiallyLoaded:0 Bounds:IsValid=true, Min=(X=0.000 Y=-770.000 Z=690.000), Max=(X=0.000 Y=-770.000 Z=690.000) RuntimeGrid:None EditorOnly:0 RuntimeOnly:0 HLODRelevant:0 ListedInSceneOutliner:1 IsMainWorldOnly:0 FolderPath:Lighting FolderGuid:963EC3EB4002CCE9759E2EBA541A873A
 |   |   |- Guid:72AC6D8843DB0363944E958836404543 BaseClass: NativeClass:/Script/Landscape.LandscapeStreamingProxy Name:LandscapeStreamingProxy_BYYFHB1OSGPUGXG5TCNSP6B3X_126_0_0_0 Label:LandscapeStreamingProxy_0_0_0 SpatiallyLoaded:1 Bounds:IsValid=true, Min=(X=-25200.000 Y=-25200.000 Z=100.000), Max=(X=-12600.000 Y=-12600.000 Z=3964.844) RuntimeGrid:None EditorOnly:0 RuntimeOnly:0 HLODRelevant:1 ListedInSceneOutliner:1 IsMainWorldOnly:0
 |   |   |- Guid:786CB46D4A3953B75043928ED5D1A136 BaseClass: NativeClass:/Script/Engine.ExponentialHeightFog Name:ExponentialHeightFog_0 Label:ExponentialHeightFog SpatiallyLoaded:0 Bounds:IsValid=true, Min=(X=-5600.000 Y=-50.000 Z=-6850.000), Max=(X=-5600.000 Y=-50.000 Z=-6850.000) RuntimeGrid:None EditorOnly:0 RuntimeOnly:0 HLODRelevant:0 ListedInSceneOutliner:1 IsMainWorldOnly:0 FolderPath:Lighting FolderGuid:963EC3EB4002CCE9759E2EBA541A873A
 |   |   |- Guid:946AB173435CEBD8CA44E6ABF0B22488 BaseClass: NativeClass:/Script/Engine.PostProcessVolume Name:PostProcessVolume_0 Label:PostProcessVolume SpatiallyLoaded:0 Bounds:IsValid=true, Min=(X=0.000 Y=0.000 Z=920.000), Max=(X=200.000 Y=200.000 Z=1120.000) RuntimeGrid:None EditorOnly:0 RuntimeOnly:0 HLODRelevant:0 ListedInSceneOutliner:1 IsMainWorldOnly:0 FolderPath:Lighting FolderGuid:963EC3EB4002CCE9759E2EBA541A873A
 |   |   |- Guid:9D61CBAC405298EF047C789C560B008D BaseClass: NativeClass:/Script/Landscape.LandscapeStreamingProxy Name:LandscapeStreamingProxy_BYYFHB1OSGPUGXG5TCNSP6B3X_126_2_2_0 Label:LandscapeStreamingProxy_2_2_0 SpatiallyLoaded:1 Bounds:IsValid=true, Min=(X=0.000 Y=0.000 Z=-7183.594), Max=(X=12600.000 Y=12600.000 Z=2498.438) RuntimeGrid:None EditorOnly:0 RuntimeOnly:0 HLODRelevant:1 ListedInSceneOutliner:1 IsMainWorldOnly:0
 |   |   |- Guid:A40747234D7C778194F43392BBFCA540 BaseClass: NativeClass:/Script/Landscape.LandscapeStreamingProxy Name:LandscapeStreamingProxy_BYYFHB1OSGPUGXG5TCNSP6B3X_126_1_3_0 Label:LandscapeStreamingProxy_1_3_0 SpatiallyLoaded:1 Bounds:IsValid=true, Min=(X=-12600.000 Y=12600.000 Z=100.000), Max=(X=0.000 Y=25200.000 Z=1993.750) RuntimeGrid:None EditorOnly:0 RuntimeOnly:0 HLODRelevant:1 ListedInSceneOutliner:1 IsMainWorldOnly:0
 |   |   |- Guid:AC76A6FE4FCCDDCA6A3792AC2E809B50 BaseClass: NativeClass:/Script/Engine.PlayerStart Name:PlayerStart_0 Label:PlayerStart SpatiallyLoaded:0 Bounds:IsValid=true, Min=(X=860.000 Y=6010.000 Z=1510.013), Max=(X=940.000 Y=6090.000 Z=1694.013) RuntimeGrid:None EditorOnly:0 RuntimeOnly:0 HLODRelevant:0 ListedInSceneOutliner:1 IsMainWorldOnly:0
 |   |   |- Guid:B17D15ED4EB0AE95ED91C9982760E069 BaseClass: NativeClass:/Script/Landscape.LandscapeStreamingProxy Name:LandscapeStreamingProxy_BYYFHB1OSGPUGXG5TCNSP6B3X_126_2_0_0 Label:LandscapeStreamingProxy_2_0_0 SpatiallyLoaded:1 Bounds:IsValid=true, Min=(X=0.000 Y=-25200.000 Z=252.344), Max=(X=12600.000 Y=-12600.000 Z=4184.375) RuntimeGrid:None EditorOnly:0 RuntimeOnly:0 HLODRelevant:1 ListedInSceneOutliner:1 IsMainWorldOnly:0
 |   |   |- Guid:B5425F274A8CA873034E57AB48999B9C BaseClass: NativeClass:/Script/Landscape.LandscapeStreamingProxy Name:LandscapeStreamingProxy_BYYFHB1OSGPUGXG5TCNSP6B3X_126_3_1_0 Label:LandscapeStreamingProxy_3_1_0 SpatiallyLoaded:1 Bounds:IsValid=true, Min=(X=12600.000 Y=-12600.000 Z=39.062), Max=(X=25200.000 Y=0.000 Z=5806.250) RuntimeGrid:None EditorOnly:0 RuntimeOnly:0 HLODRelevant:1 ListedInSceneOutliner:1 IsMainWorldOnly:0
 |   |   |- Guid:BAAA92B842F80EA36C51E785AC34C906 BaseClass: NativeClass:/Script/Landscape.LandscapeStreamingProxy Name:LandscapeStreamingProxy_BYYFHB1OSGPUGXG5TCNSP6B3X_126_3_3_0 Label:LandscapeStreamingProxy_3_3_0 SpatiallyLoaded:1 Bounds:IsValid=true, Min=(X=12600.000 Y=12600.000 Z=47.656), Max=(X=25200.000 Y=25200.000 Z=10207.812) RuntimeGrid:None EditorOnly:0 RuntimeOnly:0 HLODRelevant:1 ListedInSceneOutliner:1 IsMainWorldOnly:0
 |   |   |- Guid:BBE6C7DA475C3C999DA445BAB87B1411 BaseClass: NativeClass:/Script/Water.WaterBodyRiver Name:WaterBodyRiver_UAID_D8BBC114330A607102_1137037726 Label:WaterBodyRiver SpatiallyLoaded:1 Bounds:IsValid=true, Min=(X=-113871.082 Y=-13416.231 Z=-87114.891), Max=(X=18043.058 Y=41597.626 Z=190.000) RuntimeGrid:None EditorOnly:0 RuntimeOnly:0 HLODRelevant:1 ListedInSceneOutliner:1 IsMainWorldOnly:0
 |   |   |- Guid:BC276EE345463B3E8CDCA1860177092F BaseClass: NativeClass:/Script/Landscape.LandscapeStreamingProxy Name:LandscapeStreamingProxy_BYYFHB1OSGPUGXG5TCNSP6B3X_126_3_2_0 Label:LandscapeStreamingProxy_3_2_0 SpatiallyLoaded:1 Bounds:IsValid=true, Min=(X=12600.000 Y=0.000 Z=39.062), Max=(X=25200.000 Y=12600.000 Z=3770.312) RuntimeGrid:None EditorOnly:0 RuntimeOnly:0 HLODRelevant:1 ListedInSceneOutliner:1 IsMainWorldOnly:0
 |   |   |- Guid:C653436D48388260DD29F6BEFAD0DE0C BaseClass: NativeClass:/Script/Landscape.LandscapeStreamingProxy Name:LandscapeStreamingProxy_BYYFHB1OSGPUGXG5TCNSP6B3X_126_0_2_0 Label:LandscapeStreamingProxy_0_2_0 SpatiallyLoaded:1 Bounds:IsValid=true, Min=(X=-25200.000 Y=0.000 Z=-25425.000), Max=(X=-12600.000 Y=12600.000 Z=4179.688) RuntimeGrid:None EditorOnly:0 RuntimeOnly:0 HLODRelevant:1 ListedInSceneOutliner:1 IsMainWorldOnly:0
 |   |   |- Guid:CA0FE85A43A53BA12A2771B359F3478B BaseClass: NativeClass:/Script/Engine.WorldDataLayers Name:WorldDataLayers Label:WorldDataLayers SpatiallyLoaded:0 Bounds:Invalid RuntimeGrid:None EditorOnly:0 RuntimeOnly:0 HLODRelevant:0 ListedInSceneOutliner:1 IsMainWorldOnly:1
 |   |   |- Guid:DF51012F44A541BEA93A0B8791057735 BaseClass: NativeClass:/Script/Engine.SkyAtmosphere Name:SkyAtmosphere_0 Label:SkyAtmosphere SpatiallyLoaded:0 Bounds:IsValid=true, Min=(X=-100.000 Y=0.000 Z=1020.000), Max=(X=-100.000 Y=0.000 Z=1020.000) RuntimeGrid:None EditorOnly:0 RuntimeOnly:0 HLODRelevant:0 ListedInSceneOutliner:1 IsMainWorldOnly:0 FolderPath:Lighting FolderGuid:963EC3EB4002CCE9759E2EBA541A873A
 |   |- [+] Clusters:
 |   |   |- [+] [  0]
 |   |   |   |- Guid:07C673684D02A857B82D9C8F524AFD0F BaseClass: NativeClass:/Script/Landscape.LandscapeStreamingProxy Name:LandscapeStreamingProxy_BYYFHB1OSGPUGXG5TCNSP6B3X_126_1_2_0 Label:LandscapeStreamingProxy_1_2_0 SpatiallyLoaded:1 Bounds:IsValid=true, Min=(X=-12600.000 Y=0.000 Z=-16415.625), Max=(X=0.000 Y=12600.000 Z=4810.938) RuntimeGrid:None EditorOnly:0 RuntimeOnly:0 HLODRelevant:1 ListedInSceneOutliner:1 IsMainWorldOnly:0
 |   |   |- [+] [  1]
 |   |   |   |- Guid:1714817E4C4704C54483349AD319B5DC BaseClass: NativeClass:/Script/Water.WaterZone Name:WaterZone_UAID_D8BBC114330A5F7102_1489600544 Label:WaterZone SpatiallyLoaded:0 Bounds:IsValid=true, Min=(X=-25200.000 Y=-25200.000 Z=-25200.000), Max=(X=25200.000 Y=25200.000 Z=25200.000) RuntimeGrid:None EditorOnly:0 RuntimeOnly:0 HLODRelevant:0 ListedInSceneOutliner:1 IsMainWorldOnly:0
 |   |   |- [+] [  2]
 |   |   |   |- Guid:18B8C04B4739E50ACB10CDA99EF9EDBA BaseClass: NativeClass:/Script/Landscape.LandscapeStreamingProxy Name:LandscapeStreamingProxy_BYYFHB1OSGPUGXG5TCNSP6B3X_126_3_0_0 Label:LandscapeStreamingProxy_3_0_0 SpatiallyLoaded:1 Bounds:IsValid=true, Min=(X=12600.000 Y=-25200.000 Z=100.000), Max=(X=25200.000 Y=-12600.000 Z=1979.688) RuntimeGrid:None EditorOnly:0 RuntimeOnly:0 HLODRelevant:1 ListedInSceneOutliner:1 IsMainWorldOnly:0
 |   |   |- [+] [  3]
 |   |   |   |- Guid:1E1A72414970F24964BD63822C26DEFA BaseClass: NativeClass:/Script/Engine.DirectionalLight Name:DirectionalLight_0 Label:DirectionalLight SpatiallyLoaded:0 Bounds:Invalid RuntimeGrid:None EditorOnly:0 RuntimeOnly:0 HLODRelevant:0 ListedInSceneOutliner:1 IsMainWorldOnly:0 FolderPath:Lighting FolderGuid:963EC3EB4002CCE9759E2EBA541A873A
 |   |   |- [+] [  4]
 |   |   |   |- Guid:30D603BA4C48A1BA2C15C1958304B5F9 BaseClass: NativeClass:/Script/Landscape.LandscapeStreamingProxy Name:LandscapeStreamingProxy_BYYFHB1OSGPUGXG5TCNSP6B3X_126_1_0_0 Label:LandscapeStreamingProxy_1_0_0 SpatiallyLoaded:1 Bounds:IsValid=true, Min=(X=-12600.000 Y=-25200.000 Z=-2085.938), Max=(X=0.000 Y=-12600.000 Z=3453.906) RuntimeGrid:None EditorOnly:0 RuntimeOnly:0 HLODRelevant:1 ListedInSceneOutliner:1 IsMainWorldOnly:0
 |   |   |- [+] [  5]
 |   |   |   |- Guid:382CA5384408FFC0093082B0D0C466ED BaseClass: NativeClass:/Script/Landscape.LandscapeStreamingProxy Name:LandscapeStreamingProxy_BYYFHB1OSGPUGXG5TCNSP6B3X_126_2_1_0 Label:LandscapeStreamingProxy_2_1_0 SpatiallyLoaded:1 Bounds:IsValid=true, Min=(X=0.000 Y=-12600.000 Z=-7246.875), Max=(X=12600.000 Y=0.000 Z=948.438) RuntimeGrid:None EditorOnly:0 RuntimeOnly:0 HLODRelevant:1 ListedInSceneOutliner:1 IsMainWorldOnly:0
 |   |   |- [+] [  6]
 |   |   |   |- Guid:389A17A74CEC79B051FFF4A7C42E074B BaseClass: NativeClass:/Script/WaterEditor.WaterBrushManager Name:Landscape_WaterBrushManager_0 Label:Landscape_WaterBrushManager SpatiallyLoaded:0 Bounds:IsValid=true, Min=(X=0.000 Y=0.000 Z=5153.906), Max=(X=350.000 Y=350.000 Z=50000.000) RuntimeGrid:None EditorOnly:0 RuntimeOnly:0 HLODRelevant:0 ListedInSceneOutliner:1 IsMainWorldOnly:0
 |   |   |- [+] [  7]
 |   |   |   |- Guid:3961BF574F4D4E948BD7B3AC0AB2EFD6 BaseClass: NativeClass:/Script/Engine.VolumetricCloud Name:VolumetricCloud_0 Label:VolumetricCloud SpatiallyLoaded:0 Bounds:IsValid=true, Min=(X=0.000 Y=0.000 Z=820.000), Max=(X=0.000 Y=0.000 Z=820.000) RuntimeGrid:None EditorOnly:0 RuntimeOnly:0 HLODRelevant:0 ListedInSceneOutliner:1 IsMainWorldOnly:0 FolderPath:Lighting FolderGuid:963EC3EB4002CCE9759E2EBA541A873A
 |   |   |- [+] [  8]
 |   |   |   |- Guid:3D3275CE4925821194BCE4BE814DED34 BaseClass: NativeClass:/Script/Landscape.LandscapeStreamingProxy Name:LandscapeStreamingProxy_BYYFHB1OSGPUGXG5TCNSP6B3X_126_0_1_0 Label:LandscapeStreamingProxy_0_1_0 SpatiallyLoaded:1 Bounds:IsValid=true, Min=(X=-25200.000 Y=-12600.000 Z=-20973.438), Max=(X=-12600.000 Y=0.000 Z=1643.750) RuntimeGrid:None EditorOnly:0 RuntimeOnly:0 HLODRelevant:1 ListedInSceneOutliner:1 IsMainWorldOnly:0
 |   |   |- [+] [  9]
 |   |   |   |- Guid:501BD85346382EB5B97DB9B524B5342E BaseClass: NativeClass:/Script/Landscape.LandscapeStreamingProxy Name:LandscapeStreamingProxy_BYYFHB1OSGPUGXG5TCNSP6B3X_126_0_3_0 Label:LandscapeStreamingProxy_0_3_0 SpatiallyLoaded:1 Bounds:IsValid=true, Min=(X=-25200.000 Y=12600.000 Z=128.906), Max=(X=-12600.000 Y=25200.000 Z=2444.531) RuntimeGrid:None EditorOnly:0 RuntimeOnly:0 HLODRelevant:1 ListedInSceneOutliner:1 IsMainWorldOnly:0
 |   |   |- [+] [ 10]
 |   |   |   |- Guid:519ED4404B607E5144273A9EF41F8645 BaseClass: NativeClass:/Script/Landscape.LandscapeStreamingProxy Name:LandscapeStreamingProxy_BYYFHB1OSGPUGXG5TCNSP6B3X_126_1_1_0 Label:LandscapeStreamingProxy_1_1_0 SpatiallyLoaded:1 Bounds:IsValid=true, Min=(X=-12600.000 Y=-12600.000 Z=-16364.844), Max=(X=0.000 Y=0.000 Z=721.875) RuntimeGrid:None EditorOnly:0 RuntimeOnly:0 HLODRelevant:1 ListedInSceneOutliner:1 IsMainWorldOnly:0
 |   |   |- [+] [ 11]
 |   |   |   |- Guid:5641A1854A664D0BF725A494E2B2D4AE BaseClass: NativeClass:/Script/Landscape.Landscape Name:Landscape_UAID_D8BBC114330A5D7102_2048959191 Label:Landscape SpatiallyLoaded:0 Bounds:IsValid=true, Min=(X=-25200.000 Y=-25200.000 Z=100.000), Max=(X=-25200.000 Y=-25200.000 Z=100.000) RuntimeGrid:None EditorOnly:0 RuntimeOnly:0 HLODRelevant:0 ListedInSceneOutliner:1 IsMainWorldOnly:0
 |   |   |- [+] [ 12]
 |   |   |   |- Guid:585E847848C6FFDF7115B2A77826CF82 BaseClass: NativeClass:/Script/Landscape.LandscapeStreamingProxy Name:LandscapeStreamingProxy_BYYFHB1OSGPUGXG5TCNSP6B3X_126_2_3_0 Label:LandscapeStreamingProxy_2_3_0 SpatiallyLoaded:1 Bounds:IsValid=true, Min=(X=0.000 Y=12600.000 Z=100.000), Max=(X=12600.000 Y=25200.000 Z=3490.625) RuntimeGrid:None EditorOnly:0 RuntimeOnly:0 HLODRelevant:1 ListedInSceneOutliner:1 IsMainWorldOnly:0
 |   |   |- [+] [ 13]
 |   |   |   |- Guid:6CAC46054CB4854B7F83428CDFE47BA9 BaseClass: NativeClass:/Script/Engine.SkyLight Name:SkyLight_1 Label:SkyLight SpatiallyLoaded:0 Bounds:IsValid=true, Min=(X=0.000 Y=-770.000 Z=690.000), Max=(X=0.000 Y=-770.000 Z=690.000) RuntimeGrid:None EditorOnly:0 RuntimeOnly:0 HLODRelevant:0 ListedInSceneOutliner:1 IsMainWorldOnly:0 FolderPath:Lighting FolderGuid:963EC3EB4002CCE9759E2EBA541A873A
 |   |   |- [+] [ 14]
 |   |   |   |- Guid:72AC6D8843DB0363944E958836404543 BaseClass: NativeClass:/Script/Landscape.LandscapeStreamingProxy Name:LandscapeStreamingProxy_BYYFHB1OSGPUGXG5TCNSP6B3X_126_0_0_0 Label:LandscapeStreamingProxy_0_0_0 SpatiallyLoaded:1 Bounds:IsValid=true, Min=(X=-25200.000 Y=-25200.000 Z=100.000), Max=(X=-12600.000 Y=-12600.000 Z=3964.844) RuntimeGrid:None EditorOnly:0 RuntimeOnly:0 HLODRelevant:1 ListedInSceneOutliner:1 IsMainWorldOnly:0
 |   |   |- [+] [ 15]
 |   |   |   |- Guid:786CB46D4A3953B75043928ED5D1A136 BaseClass: NativeClass:/Script/Engine.ExponentialHeightFog Name:ExponentialHeightFog_0 Label:ExponentialHeightFog SpatiallyLoaded:0 Bounds:IsValid=true, Min=(X=-5600.000 Y=-50.000 Z=-6850.000), Max=(X=-5600.000 Y=-50.000 Z=-6850.000) RuntimeGrid:None EditorOnly:0 RuntimeOnly:0 HLODRelevant:0 ListedInSceneOutliner:1 IsMainWorldOnly:0 FolderPath:Lighting FolderGuid:963EC3EB4002CCE9759E2EBA541A873A
 |   |   |- [+] [ 16]
 |   |   |   |- Guid:946AB173435CEBD8CA44E6ABF0B22488 BaseClass: NativeClass:/Script/Engine.PostProcessVolume Name:PostProcessVolume_0 Label:PostProcessVolume SpatiallyLoaded:0 Bounds:IsValid=true, Min=(X=0.000 Y=0.000 Z=920.000), Max=(X=200.000 Y=200.000 Z=1120.000) RuntimeGrid:None EditorOnly:0 RuntimeOnly:0 HLODRelevant:0 ListedInSceneOutliner:1 IsMainWorldOnly:0 FolderPath:Lighting FolderGuid:963EC3EB4002CCE9759E2EBA541A873A
 |   |   |- [+] [ 17]
 |   |   |   |- Guid:9D61CBAC405298EF047C789C560B008D BaseClass: NativeClass:/Script/Landscape.LandscapeStreamingProxy Name:LandscapeStreamingProxy_BYYFHB1OSGPUGXG5TCNSP6B3X_126_2_2_0 Label:LandscapeStreamingProxy_2_2_0 SpatiallyLoaded:1 Bounds:IsValid=true, Min=(X=0.000 Y=0.000 Z=-7183.594), Max=(X=12600.000 Y=12600.000 Z=2498.438) RuntimeGrid:None EditorOnly:0 RuntimeOnly:0 HLODRelevant:1 ListedInSceneOutliner:1 IsMainWorldOnly:0
 |   |   |- [+] [ 18]
 |   |   |   |- Guid:A40747234D7C778194F43392BBFCA540 BaseClass: NativeClass:/Script/Landscape.LandscapeStreamingProxy Name:LandscapeStreamingProxy_BYYFHB1OSGPUGXG5TCNSP6B3X_126_1_3_0 Label:LandscapeStreamingProxy_1_3_0 SpatiallyLoaded:1 Bounds:IsValid=true, Min=(X=-12600.000 Y=12600.000 Z=100.000), Max=(X=0.000 Y=25200.000 Z=1993.750) RuntimeGrid:None EditorOnly:0 RuntimeOnly:0 HLODRelevant:1 ListedInSceneOutliner:1 IsMainWorldOnly:0
 |   |   |- [+] [ 19]
 |   |   |   |- Guid:AC76A6FE4FCCDDCA6A3792AC2E809B50 BaseClass: NativeClass:/Script/Engine.PlayerStart Name:PlayerStart_0 Label:PlayerStart SpatiallyLoaded:0 Bounds:IsValid=true, Min=(X=860.000 Y=6010.000 Z=1510.013), Max=(X=940.000 Y=6090.000 Z=1694.013) RuntimeGrid:None EditorOnly:0 RuntimeOnly:0 HLODRelevant:0 ListedInSceneOutliner:1 IsMainWorldOnly:0
 |   |   |- [+] [ 20]
 |   |   |   |- Guid:B17D15ED4EB0AE95ED91C9982760E069 BaseClass: NativeClass:/Script/Landscape.LandscapeStreamingProxy Name:LandscapeStreamingProxy_BYYFHB1OSGPUGXG5TCNSP6B3X_126_2_0_0 Label:LandscapeStreamingProxy_2_0_0 SpatiallyLoaded:1 Bounds:IsValid=true, Min=(X=0.000 Y=-25200.000 Z=252.344), Max=(X=12600.000 Y=-12600.000 Z=4184.375) RuntimeGrid:None EditorOnly:0 RuntimeOnly:0 HLODRelevant:1 ListedInSceneOutliner:1 IsMainWorldOnly:0
 |   |   |- [+] [ 21]
 |   |   |   |- Guid:B5425F274A8CA873034E57AB48999B9C BaseClass: NativeClass:/Script/Landscape.LandscapeStreamingProxy Name:LandscapeStreamingProxy_BYYFHB1OSGPUGXG5TCNSP6B3X_126_3_1_0 Label:LandscapeStreamingProxy_3_1_0 SpatiallyLoaded:1 Bounds:IsValid=true, Min=(X=12600.000 Y=-12600.000 Z=39.062), Max=(X=25200.000 Y=0.000 Z=5806.250) RuntimeGrid:None EditorOnly:0 RuntimeOnly:0 HLODRelevant:1 ListedInSceneOutliner:1 IsMainWorldOnly:0
 |   |   |- [+] [ 22]
 |   |   |   |- Guid:BAAA92B842F80EA36C51E785AC34C906 BaseClass: NativeClass:/Script/Landscape.LandscapeStreamingProxy Name:LandscapeStreamingProxy_BYYFHB1OSGPUGXG5TCNSP6B3X_126_3_3_0 Label:LandscapeStreamingProxy_3_3_0 SpatiallyLoaded:1 Bounds:IsValid=true, Min=(X=12600.000 Y=12600.000 Z=47.656), Max=(X=25200.000 Y=25200.000 Z=10207.812) RuntimeGrid:None EditorOnly:0 RuntimeOnly:0 HLODRelevant:1 ListedInSceneOutliner:1 IsMainWorldOnly:0
 |   |   |- [+] [ 23]
 |   |   |   |- Guid:BBE6C7DA475C3C999DA445BAB87B1411 BaseClass: NativeClass:/Script/Water.WaterBodyRiver Name:WaterBodyRiver_UAID_D8BBC114330A607102_1137037726 Label:WaterBodyRiver SpatiallyLoaded:1 Bounds:IsValid=true, Min=(X=-113871.082 Y=-13416.231 Z=-87114.891), Max=(X=18043.058 Y=41597.626 Z=190.000) RuntimeGrid:None EditorOnly:0 RuntimeOnly:0 HLODRelevant:1 ListedInSceneOutliner:1 IsMainWorldOnly:0
 |   |   |- [+] [ 24]
 |   |   |   |- Guid:BC276EE345463B3E8CDCA1860177092F BaseClass: NativeClass:/Script/Landscape.LandscapeStreamingProxy Name:LandscapeStreamingProxy_BYYFHB1OSGPUGXG5TCNSP6B3X_126_3_2_0 Label:LandscapeStreamingProxy_3_2_0 SpatiallyLoaded:1 Bounds:IsValid=true, Min=(X=12600.000 Y=0.000 Z=39.062), Max=(X=25200.000 Y=12600.000 Z=3770.312) RuntimeGrid:None EditorOnly:0 RuntimeOnly:0 HLODRelevant:1 ListedInSceneOutliner:1 IsMainWorldOnly:0
 |   |   |- [+] [ 25]
 |   |   |   |- Guid:C653436D48388260DD29F6BEFAD0DE0C BaseClass: NativeClass:/Script/Landscape.LandscapeStreamingProxy Name:LandscapeStreamingProxy_BYYFHB1OSGPUGXG5TCNSP6B3X_126_0_2_0 Label:LandscapeStreamingProxy_0_2_0 SpatiallyLoaded:1 Bounds:IsValid=true, Min=(X=-25200.000 Y=0.000 Z=-25425.000), Max=(X=-12600.000 Y=12600.000 Z=4179.688) RuntimeGrid:None EditorOnly:0 RuntimeOnly:0 HLODRelevant:1 ListedInSceneOutliner:1 IsMainWorldOnly:0
 |   |   |- [+] [ 26]
 |   |   |   |- Guid:CA0FE85A43A53BA12A2771B359F3478B BaseClass: NativeClass:/Script/Engine.WorldDataLayers Name:WorldDataLayers Label:WorldDataLayers SpatiallyLoaded:0 Bounds:Invalid RuntimeGrid:None EditorOnly:0 RuntimeOnly:0 HLODRelevant:0 ListedInSceneOutliner:1 IsMainWorldOnly:1
 |   |   |- [+] [ 27]
 |   |   |   |- Guid:DF51012F44A541BEA93A0B8791057735 BaseClass: NativeClass:/Script/Engine.SkyAtmosphere Name:SkyAtmosphere_0 Label:SkyAtmosphere SpatiallyLoaded:0 Bounds:IsValid=true, Min=(X=-100.000 Y=0.000 Z=1020.000), Max=(X=-100.000 Y=0.000 Z=1020.000) RuntimeGrid:None EditorOnly:0 RuntimeOnly:0 HLODRelevant:0 ListedInSceneOutliner:1 IsMainWorldOnly:0 FolderPath:Lighting FolderGuid:963EC3EB4002CCE9759E2EBA541A873A
 |- ContainerInstances:
 |- [+] MainContainer:
 |   |-        ID: 00000000000000000000000000000000
 |   |-  ParentID: 00000000000000000000000000000000
 |   |-    Bounds: IsValid=false, Min=(X=0.000 Y=0.000 Z=0.000), Max=(X=0.000 Y=0.000 Z=0.000)
 |   |- Transform: 0.000000,0.000000,0.000000|0.000000,0.000000,-0.000000|1.000000,1.000000,1.000000
 |   |- Container: /Game/DarkGame
----------------------------------------------------------------------------------------------------------------
DarkGame - Persistent Level
----------------------------------------------------------------------------------------------------------------
[+] Content of DarkGame Persistent Level
 |- Always loaded Actor Count: 28 
 |- Actor Path: /Game/DarkGame.DarkGame:PersistentLevel.DirectionalLight_0
 |- Actor Package: /Game/__ExternalActors__/DarkGame/4/2T/GBGFRTTGT5IG1OLSYMIU44
 |- Actor Path: /Game/DarkGame.DarkGame:PersistentLevel.ExponentialHeightFog_0
 |- Actor Package: /Game/__ExternalActors__/DarkGame/8/N3/5M0HL57S36HDWD3A0M6E99
 |- Actor Path: /Game/DarkGame.DarkGame:PersistentLevel.Landscape_UAID_D8BBC114330A5D7102_2048959191
 |- Actor Package: /Game/__ExternalActors__/DarkGame/3/FB/OENRJS06J97P0S6LQMPSC7
 |- Actor Path: /Game/DarkGame.DarkGame:PersistentLevel.Landscape_WaterBrushManager_0
 |- Actor Package: /Game/__ExternalActors__/DarkGame/A/7O/9UI1FBBL29CLTU8J8496QR
 |- Actor Path: /Game/DarkGame.DarkGame:PersistentLevel.LandscapeStreamingProxy_BYYFHB1OSGPUGXG5TCNSP6B3X_126_0_0_0
 |- Actor Package: /Game/__ExternalActors__/DarkGame/8/9I/SJWKKQQPHCFZZCZHN2PK7A
 |- Actor Path: /Game/DarkGame.DarkGame:PersistentLevel.LandscapeStreamingProxy_BYYFHB1OSGPUGXG5TCNSP6B3X_126_0_1_0
 |- Actor Package: /Game/__ExternalActors__/DarkGame/D/TH/K0TQ4O8HS5JY0VQA2OT0UA
 |- Actor Path: /Game/DarkGame.DarkGame:PersistentLevel.LandscapeStreamingProxy_BYYFHB1OSGPUGXG5TCNSP6B3X_126_0_2_0
 |- Actor Package: /Game/__ExternalActors__/DarkGame/4/N1/PW819PE0OOM7BLO802NV0Y
 |- Actor Path: /Game/DarkGame.DarkGame:PersistentLevel.LandscapeStreamingProxy_BYYFHB1OSGPUGXG5TCNSP6B3X_126_0_3_0
 |- Actor Package: /Game/__ExternalActors__/DarkGame/0/FI/3A6OXZI36V9I1JW9MFRLDQ
 |- Actor Path: /Game/DarkGame.DarkGame:PersistentLevel.LandscapeStreamingProxy_BYYFHB1OSGPUGXG5TCNSP6B3X_126_1_0_0
 |- Actor Package: /Game/__ExternalActors__/DarkGame/E/JT/B0A6OM9Y7DX8FDQ751BMNR
 |- Actor Path: /Game/DarkGame.DarkGame:PersistentLevel.LandscapeStreamingProxy_BYYFHB1OSGPUGXG5TCNSP6B3X_126_1_1_0
 |- Actor Package: /Game/__ExternalActors__/DarkGame/8/EE/7F6GS2YMYYH7MYMULTN2L2
 |- Actor Path: /Game/DarkGame.DarkGame:PersistentLevel.LandscapeStreamingProxy_BYYFHB1OSGPUGXG5TCNSP6B3X_126_1_2_0
 |- Actor Package: /Game/__ExternalActors__/DarkGame/2/1T/F9W521G259Z2RMY2MEN31E
 |- Actor Path: /Game/DarkGame.DarkGame:PersistentLevel.LandscapeStreamingProxy_BYYFHB1OSGPUGXG5TCNSP6B3X_126_1_3_0
 |- Actor Package: /Game/__ExternalActors__/DarkGame/0/MZ/1J0ILVVR1478C26AXFZ0MW
 |- Actor Path: /Game/DarkGame.DarkGame:PersistentLevel.LandscapeStreamingProxy_BYYFHB1OSGPUGXG5TCNSP6B3X_126_2_0_0
 |- Actor Package: /Game/__ExternalActors__/DarkGame/D/BR/OKE88UAD9HH6VTWQ1DDDH4
 |- Actor Path: /Game/DarkGame.DarkGame:PersistentLevel.LandscapeStreamingProxy_BYYFHB1OSGPUGXG5TCNSP6B3X_126_2_1_0
 |- Actor Package: /Game/__ExternalActors__/DarkGame/E/QJ/92VIYM9YU5JICY4ZZ3X6J7
 |- Actor Path: /Game/DarkGame.DarkGame:PersistentLevel.LandscapeStreamingProxy_BYYFHB1OSGPUGXG5TCNSP6B3X_126_2_2_0
 |- Actor Package: /Game/__ExternalActors__/DarkGame/8/9H/M6WRJLIX7YUQZWJB7RR4OG
 |- Actor Path: /Game/DarkGame.DarkGame:PersistentLevel.LandscapeStreamingProxy_BYYFHB1OSGPUGXG5TCNSP6B3X_126_2_3_0
 |- Actor Package: /Game/__ExternalActors__/DarkGame/3/1Y/UPO9M2C2FT3G0CD2E283V4
 |- Actor Path: /Game/DarkGame.DarkGame:PersistentLevel.LandscapeStreamingProxy_BYYFHB1OSGPUGXG5TCNSP6B3X_126_3_0_0
 |- Actor Package: /Game/__ExternalActors__/DarkGame/4/TZ/CPJV0KZX3HIC6YLWI62C4O
 |- Actor Path: /Game/DarkGame.DarkGame:PersistentLevel.LandscapeStreamingProxy_BYYFHB1OSGPUGXG5TCNSP6B3X_126_3_1_0
 |- Actor Package: /Game/__ExternalActors__/DarkGame/4/DS/6B6APHM9AOGLSB25PHS44C
 |- Actor Path: /Game/DarkGame.DarkGame:PersistentLevel.LandscapeStreamingProxy_BYYFHB1OSGPUGXG5TCNSP6B3X_126_3_2_0
 |- Actor Package: /Game/__ExternalActors__/DarkGame/E/6E/JNPRK4P28SLD4UNFFDH5LL
 |- Actor Path: /Game/DarkGame.DarkGame:PersistentLevel.LandscapeStreamingProxy_BYYFHB1OSGPUGXG5TCNSP6B3X_126_3_3_0
 |- Actor Package: /Game/__ExternalActors__/DarkGame/0/NJ/SW20X5GWM7TOP48EM749GA
 |- Actor Path: /Game/DarkGame.DarkGame:PersistentLevel.PlayerStart_0
 |- Actor Package: /Game/__ExternalActors__/DarkGame/9/YD/FG9NE63I1V7I9E38RHA26I
 |- Actor Path: /Game/DarkGame.DarkGame:PersistentLevel.PostProcessVolume_0
 |- Actor Package: /Game/__ExternalActors__/DarkGame/E/5C/8J9H35F2UR7NHQVSKP1P7T
 |- Actor Path: /Game/DarkGame.DarkGame:PersistentLevel.SkyAtmosphere_0
 |- Actor Package: /Game/__ExternalActors__/DarkGame/6/04/I6X9ORIGQQXRJEC0C0P7PQ
 |- Actor Path: /Game/DarkGame.DarkGame:PersistentLevel.SkyLight_1
 |- Actor Package: /Game/__ExternalActors__/DarkGame/8/6H/HGOBBD1OLH1UILHWT0PYW4
 |- Actor Path: /Game/DarkGame.DarkGame:PersistentLevel.VolumetricCloud_0
 |- Actor Package: /Game/__ExternalActors__/DarkGame/3/RE/H44J1XFI8UB8Z1QWJVDW7D
 |- Actor Path: /Game/DarkGame.DarkGame:PersistentLevel.WaterBodyRiver_UAID_D8BBC114330A607102_1137037726
 |- Actor Package: /Game/__ExternalActors__/DarkGame/D/P5/7Q8YU4PEZPWTRSLSYZ44SV
 |- Actor Path: /Game/DarkGame.DarkGame:PersistentLevel.WaterZone_UAID_D8BBC114330A5F7102_1489600544
 |- Actor Package: /Game/__ExternalActors__/DarkGame/6/BO/C83N98MWBA7LF4GXE0OLQN
 |- Actor Path: /Game/DarkGame.DarkGame:PersistentLevel.WorldDataLayers
 |- Actor Package: /Game/__ExternalActors__/DarkGame/B/CT/7BKN6S7PEYJXMCJNHDY3P0

----------------------------------------------------------------------------------------------------------------
DarkGame - Runtime Hash Set
----------------------------------------------------------------------------------------------------------------

